<?xml version="1.0" encoding="UTF-8"?>
<TestRun id="64367d53-4353-4b48-9b3b-15bfbb20346e" name="baran.topal@PC900 2017-06-29 20:31:34" runUser="TACTON\baran.topal" xmlns="http://microsoft.com/schemas/VisualStudio/TeamTest/2010">
  <TestSettings name="Trace and Test Impact" id="404d831e-5075-44af-abd4-1d0c034e0033">
    <Description>These are test settings for Trace and Test Impact.</Description>
    <Deployment runDeploymentRoot="baran.topal_PC900 2017-06-29 20_31_34">
      <DeploymentItem filename="C:\Users\Baran.Topal\Documents\C#Projects\Xylem-Exercise-BaranTopal\C#.NET\Some.Routing.v1\Routing.Entity\bin\Debug\Routing.Entity.dll" />
    </Deployment>
    <Execution>
      <TestTypeSpecific />
      <AgentRule name="Execution Agents">
        <DataCollectors>
          <DataCollector uri="datacollector://microsoft/SystemInfo/1.0" assemblyQualifiedName="Microsoft.VisualStudio.TestTools.DataCollection.SystemInfo.SystemInfoDataCollector, Microsoft.VisualStudio.TestTools.DataCollection.SystemInfo, Version=10.0.0.0, Culture=neutral, PublicKeyToken=b03f5f7f11d50a3a" friendlyName="System Information">
          </DataCollector>
          <DataCollector uri="datacollector://microsoft/ActionLog/1.0" assemblyQualifiedName="Microsoft.VisualStudio.TestTools.ManualTest.ActionLog.ActionLogPlugin, Microsoft.VisualStudio.TestTools.ManualTest.ActionLog, Version=10.0.0.0, Culture=neutral, PublicKeyToken=b03f5f7f11d50a3a" friendlyName="Actions">
          </DataCollector>
          <DataCollector uri="datacollector://microsoft/HttpProxy/1.0" assemblyQualifiedName="Microsoft.VisualStudio.TraceCollector.HttpProxyCollector, Microsoft.VisualStudio.TraceCollector, Version=10.0.0.0, Culture=neutral, PublicKeyToken=b03f5f7f11d50a3a" friendlyName="ASP.NET Client Proxy for IntelliTrace and Test Impact">
          </DataCollector>
          <DataCollector uri="datacollector://microsoft/TestImpact/1.0" assemblyQualifiedName="Microsoft.VisualStudio.TraceCollector.TestImpactDataCollector, Microsoft.VisualStudio.TraceCollector, Version=10.0.0.0, Culture=neutral, PublicKeyToken=b03f5f7f11d50a3a" friendlyName="Test Impact">
          </DataCollector>
          <DataCollector uri="datacollector://microsoft/TraceDebugger/1.0" assemblyQualifiedName="Microsoft.VisualStudio.TraceCollector.TraceDebuggerDataCollector, Microsoft.VisualStudio.TraceCollector, Version=10.0.0.0, Culture=neutral, PublicKeyToken=b03f5f7f11d50a3a" friendlyName="IntelliTrace">
          </DataCollector>
        </DataCollectors>
      </AgentRule>
    </Execution>
  </TestSettings>
  <Times creation="2017-06-29T20:31:34.5278503+02:00" queuing="2017-06-29T20:31:37.1964712+02:00" start="2017-06-29T20:31:37.2731753+02:00" finish="2017-06-29T20:31:38.7481080+02:00" />
  <ResultSummary outcome="Error">
    <Counters total="56" executed="56" passed="51" error="0" failed="5" timeout="0" aborted="0" inconclusive="0" passedButRunAborted="0" notRunnable="0" notExecuted="0" disconnected="0" warning="0" completed="0" inProgress="0" pending="0" />
    <DataCollectorMessages>
      <DataCollectorMessage timestamp="2017-06-29T20:31:37.4366097+02:00" agentName="PC900" level="Error">
        <Text>The diagnostic data adapter 'Microsoft.VisualStudio.TestTools.DataCollection.SystemInfo.SystemInfoDataCollector, Microsoft.VisualStudio.TestTools.DataCollection.SystemInfo, Version=10.0.0.0, Culture=neutral, PublicKeyToken=b03f5f7f11d50a3a' on agent 'PC900' threw an exception during type loading, construction, or initialization: System.IO.FileNotFoundException: Could not load file or assembly 'Microsoft.VisualStudio.TestTools.DataCollection.SystemInfo, Version=10.0.0.0, Culture=neutral, PublicKeyToken=b03f5f7f11d50a3a' or one of its dependencies. The system cannot find the file specified.
File name: 'Microsoft.VisualStudio.TestTools.DataCollection.SystemInfo, Version=10.0.0.0, Culture=neutral, PublicKeyToken=b03f5f7f11d50a3a'
   at System.RuntimeTypeHandle.GetTypeByName(String name, Boolean throwOnError, Boolean ignoreCase, Boolean reflectionOnly, StackCrawlMarkHandle stackMark, IntPtr pPrivHostBinder, Boolean loadTypeFromPartialName, ObjectHandleOnStack type)
   at System.RuntimeTypeHandle.GetTypeByName(String name, Boolean throwOnError, Boolean ignoreCase, Boolean reflectionOnly, StackCrawlMark&amp; stackMark, IntPtr pPrivHostBinder, Boolean loadTypeFromPartialName)
   at System.RuntimeType.GetType(String typeName, Boolean throwOnError, Boolean ignoreCase, Boolean reflectionOnly, StackCrawlMark&amp; stackMark)
   at System.Type.GetType(String typeName, Boolean throwOnError)
   at Microsoft.VisualStudio.TestTools.DataCollection.ExecutionPluginManager.LoadAndInitDataCollectorAsync(TestRun testRun, String collectorTypeName, Dictionary`2 dataCollectorCache)

WRN: Assembly binding logging is turned OFF.
To enable assembly bind failure logging, set the registry value [HKLM\Software\Microsoft\Fusion!EnableLog] (DWORD) to 1.
Note: There is some performance penalty associated with assembly bind failure logging.
To turn this feature off, remove the registry value [HKLM\Software\Microsoft\Fusion!EnableLog].
.</Text>
      </DataCollectorMessage>
      <DataCollectorMessage timestamp="2017-06-29T20:31:37.4391184+02:00" agentName="PC900" level="Error">
        <Text>The diagnostic data adapter 'Microsoft.VisualStudio.TestTools.ManualTest.ActionLog.ActionLogPlugin, Microsoft.VisualStudio.TestTools.ManualTest.ActionLog, Version=10.0.0.0, Culture=neutral, PublicKeyToken=b03f5f7f11d50a3a' on agent 'PC900' threw an exception during type loading, construction, or initialization: System.IO.FileNotFoundException: Could not load file or assembly 'Microsoft.VisualStudio.TestTools.ManualTest.ActionLog, Version=10.0.0.0, Culture=neutral, PublicKeyToken=b03f5f7f11d50a3a' or one of its dependencies. The system cannot find the file specified.
File name: 'Microsoft.VisualStudio.TestTools.ManualTest.ActionLog, Version=10.0.0.0, Culture=neutral, PublicKeyToken=b03f5f7f11d50a3a'
   at System.RuntimeTypeHandle.GetTypeByName(String name, Boolean throwOnError, Boolean ignoreCase, Boolean reflectionOnly, StackCrawlMarkHandle stackMark, IntPtr pPrivHostBinder, Boolean loadTypeFromPartialName, ObjectHandleOnStack type)
   at System.RuntimeTypeHandle.GetTypeByName(String name, Boolean throwOnError, Boolean ignoreCase, Boolean reflectionOnly, StackCrawlMark&amp; stackMark, IntPtr pPrivHostBinder, Boolean loadTypeFromPartialName)
   at System.RuntimeType.GetType(String typeName, Boolean throwOnError, Boolean ignoreCase, Boolean reflectionOnly, StackCrawlMark&amp; stackMark)
   at System.Type.GetType(String typeName, Boolean throwOnError)
   at Microsoft.VisualStudio.TestTools.DataCollection.ExecutionPluginManager.LoadAndInitDataCollectorAsync(TestRun testRun, String collectorTypeName, Dictionary`2 dataCollectorCache)

WRN: Assembly binding logging is turned OFF.
To enable assembly bind failure logging, set the registry value [HKLM\Software\Microsoft\Fusion!EnableLog] (DWORD) to 1.
Note: There is some performance penalty associated with assembly bind failure logging.
To turn this feature off, remove the registry value [HKLM\Software\Microsoft\Fusion!EnableLog].
.</Text>
      </DataCollectorMessage>
      <DataCollectorMessage timestamp="2017-06-29T20:31:37.4426291+02:00" agentName="PC900" level="Error">
        <Text>The diagnostic data adapter 'Microsoft.VisualStudio.TraceCollector.HttpProxyCollector, Microsoft.VisualStudio.TraceCollector, Version=10.0.0.0, Culture=neutral, PublicKeyToken=b03f5f7f11d50a3a' on agent 'PC900' threw an exception during type loading, construction, or initialization: System.IO.FileNotFoundException: Could not load file or assembly 'Microsoft.VisualStudio.TraceCollector, Version=10.0.0.0, Culture=neutral, PublicKeyToken=b03f5f7f11d50a3a' or one of its dependencies. The system cannot find the file specified.
File name: 'Microsoft.VisualStudio.TraceCollector, Version=10.0.0.0, Culture=neutral, PublicKeyToken=b03f5f7f11d50a3a'
   at System.RuntimeTypeHandle.GetTypeByName(String name, Boolean throwOnError, Boolean ignoreCase, Boolean reflectionOnly, StackCrawlMarkHandle stackMark, IntPtr pPrivHostBinder, Boolean loadTypeFromPartialName, ObjectHandleOnStack type)
   at System.RuntimeTypeHandle.GetTypeByName(String name, Boolean throwOnError, Boolean ignoreCase, Boolean reflectionOnly, StackCrawlMark&amp; stackMark, IntPtr pPrivHostBinder, Boolean loadTypeFromPartialName)
   at System.RuntimeType.GetType(String typeName, Boolean throwOnError, Boolean ignoreCase, Boolean reflectionOnly, StackCrawlMark&amp; stackMark)
   at System.Type.GetType(String typeName, Boolean throwOnError)
   at Microsoft.VisualStudio.TestTools.DataCollection.ExecutionPluginManager.LoadAndInitDataCollectorAsync(TestRun testRun, String collectorTypeName, Dictionary`2 dataCollectorCache)

WRN: Assembly binding logging is turned OFF.
To enable assembly bind failure logging, set the registry value [HKLM\Software\Microsoft\Fusion!EnableLog] (DWORD) to 1.
Note: There is some performance penalty associated with assembly bind failure logging.
To turn this feature off, remove the registry value [HKLM\Software\Microsoft\Fusion!EnableLog].
.</Text>
      </DataCollectorMessage>
      <DataCollectorMessage timestamp="2017-06-29T20:31:37.4436289+02:00" agentName="PC900" level="Error">
        <Text>The diagnostic data adapter 'Microsoft.VisualStudio.TraceCollector.TestImpactDataCollector, Microsoft.VisualStudio.TraceCollector, Version=10.0.0.0, Culture=neutral, PublicKeyToken=b03f5f7f11d50a3a' on agent 'PC900' threw an exception during type loading, construction, or initialization: System.IO.FileNotFoundException: Could not load file or assembly 'Microsoft.VisualStudio.TraceCollector, Version=10.0.0.0, Culture=neutral, PublicKeyToken=b03f5f7f11d50a3a' or one of its dependencies. The system cannot find the file specified.
File name: 'Microsoft.VisualStudio.TraceCollector, Version=10.0.0.0, Culture=neutral, PublicKeyToken=b03f5f7f11d50a3a'
   at System.RuntimeTypeHandle.GetTypeByName(String name, Boolean throwOnError, Boolean ignoreCase, Boolean reflectionOnly, StackCrawlMarkHandle stackMark, IntPtr pPrivHostBinder, Boolean loadTypeFromPartialName, ObjectHandleOnStack type)
   at System.RuntimeTypeHandle.GetTypeByName(String name, Boolean throwOnError, Boolean ignoreCase, Boolean reflectionOnly, StackCrawlMark&amp; stackMark, IntPtr pPrivHostBinder, Boolean loadTypeFromPartialName)
   at System.RuntimeType.GetType(String typeName, Boolean throwOnError, Boolean ignoreCase, Boolean reflectionOnly, StackCrawlMark&amp; stackMark)
   at System.Type.GetType(String typeName, Boolean throwOnError)
   at Microsoft.VisualStudio.TestTools.DataCollection.ExecutionPluginManager.LoadAndInitDataCollectorAsync(TestRun testRun, String collectorTypeName, Dictionary`2 dataCollectorCache)

WRN: Assembly binding logging is turned OFF.
To enable assembly bind failure logging, set the registry value [HKLM\Software\Microsoft\Fusion!EnableLog] (DWORD) to 1.
Note: There is some performance penalty associated with assembly bind failure logging.
To turn this feature off, remove the registry value [HKLM\Software\Microsoft\Fusion!EnableLog].
.</Text>
      </DataCollectorMessage>
      <DataCollectorMessage timestamp="2017-06-29T20:31:37.4441300+02:00" agentName="PC900" level="Error">
        <Text>The diagnostic data adapter 'Microsoft.VisualStudio.TraceCollector.TraceDebuggerDataCollector, Microsoft.VisualStudio.TraceCollector, Version=10.0.0.0, Culture=neutral, PublicKeyToken=b03f5f7f11d50a3a' on agent 'PC900' threw an exception during type loading, construction, or initialization: System.IO.FileNotFoundException: Could not load file or assembly 'Microsoft.VisualStudio.TraceCollector, Version=10.0.0.0, Culture=neutral, PublicKeyToken=b03f5f7f11d50a3a' or one of its dependencies. The system cannot find the file specified.
File name: 'Microsoft.VisualStudio.TraceCollector, Version=10.0.0.0, Culture=neutral, PublicKeyToken=b03f5f7f11d50a3a'
   at System.RuntimeTypeHandle.GetTypeByName(String name, Boolean throwOnError, Boolean ignoreCase, Boolean reflectionOnly, StackCrawlMarkHandle stackMark, IntPtr pPrivHostBinder, Boolean loadTypeFromPartialName, ObjectHandleOnStack type)
   at System.RuntimeTypeHandle.GetTypeByName(String name, Boolean throwOnError, Boolean ignoreCase, Boolean reflectionOnly, StackCrawlMark&amp; stackMark, IntPtr pPrivHostBinder, Boolean loadTypeFromPartialName)
   at System.RuntimeType.GetType(String typeName, Boolean throwOnError, Boolean ignoreCase, Boolean reflectionOnly, StackCrawlMark&amp; stackMark)
   at System.Type.GetType(String typeName, Boolean throwOnError)
   at Microsoft.VisualStudio.TestTools.DataCollection.ExecutionPluginManager.LoadAndInitDataCollectorAsync(TestRun testRun, String collectorTypeName, Dictionary`2 dataCollectorCache)

WRN: Assembly binding logging is turned OFF.
To enable assembly bind failure logging, set the registry value [HKLM\Software\Microsoft\Fusion!EnableLog] (DWORD) to 1.
Note: There is some performance penalty associated with assembly bind failure logging.
To turn this feature off, remove the registry value [HKLM\Software\Microsoft\Fusion!EnableLog].
.</Text>
      </DataCollectorMessage>
    </DataCollectorMessages>
  </ResultSummary>
  <TestDefinitions>
    <UnitTest name="CanJoin_OneDelimTwoNumeric" storage="c:\users\baran.topal\documents\c#projects\xylem-exercise-barantopal\c#.net\some.routing.v1\some.routing\bin\debug\alatest.routing.dll" id="8033b327-910e-30ec-de2b-20e995f8df96">
      <Execution id="75697a83-7256-43a3-bc07-f627d9210937" />
      <TestMethod codeBase="C:/Users/Baran.Topal/Documents/C#Projects/Xylem-Exercise-BaranTopal/C#.NET/Some.Routing.v1/Some.Routing/bin/Debug/Alatest.Routing.DLL" adapterTypeName="Microsoft.VisualStudio.TestTools.TestTypes.Unit.UnitTestAdapter, Microsoft.VisualStudio.QualityTools.Tips.UnitTest.Adapter, Version=10.0.0.0, Culture=neutral, PublicKeyToken=b03f5f7f11d50a3a" className="Routing.Test.WorkItemTest, Alatest.Routing, Version=1.0.0.0, Culture=neutral, PublicKeyToken=null" name="CanJoin_OneDelimTwoNumeric" />
    </UnitTest>
    <UnitTest name="WorkItem_Constructor_Sets_Two_Delimiter_With_One_Numeric2" storage="c:\users\baran.topal\documents\c#projects\xylem-exercise-barantopal\c#.net\some.routing.v1\some.routing\bin\debug\alatest.routing.dll" id="3a1529f0-d588-88b3-d558-ede589cc3f93">
      <Execution id="bd65ccd0-03eb-4512-8211-00a67dce6d69" />
      <TestMethod codeBase="C:/Users/Baran.Topal/Documents/C#Projects/Xylem-Exercise-BaranTopal/C#.NET/Some.Routing.v1/Some.Routing/bin/Debug/Alatest.Routing.DLL" adapterTypeName="Microsoft.VisualStudio.TestTools.TestTypes.Unit.UnitTestAdapter, Microsoft.VisualStudio.QualityTools.Tips.UnitTest.Adapter, Version=10.0.0.0, Culture=neutral, PublicKeyToken=b03f5f7f11d50a3a" className="Routing.Test.WorkItemTest, Alatest.Routing, Version=1.0.0.0, Culture=neutral, PublicKeyToken=null" name="WorkItem_Constructor_Sets_Two_Delimiter_With_One_Numeric2" />
    </UnitTest>
    <UnitTest name="CanGetOccurence_AlphaOneMatch" storage="c:\users\baran.topal\documents\c#projects\xylem-exercise-barantopal\c#.net\some.routing.v1\some.routing\bin\debug\alatest.routing.dll" id="2c46a7de-9ef3-8602-a886-59565de1e5d1">
      <Execution id="d279bf45-99e6-4536-993d-1700afb85ec3" />
      <TestMethod codeBase="C:/Users/Baran.Topal/Documents/C#Projects/Xylem-Exercise-BaranTopal/C#.NET/Some.Routing.v1/Some.Routing/bin/Debug/Alatest.Routing.DLL" adapterTypeName="Microsoft.VisualStudio.TestTools.TestTypes.Unit.UnitTestAdapter, Microsoft.VisualStudio.QualityTools.Tips.UnitTest.Adapter, Version=10.0.0.0, Culture=neutral, PublicKeyToken=b03f5f7f11d50a3a" className="Routing.Test.WorkItemTest, Alatest.Routing, Version=1.0.0.0, Culture=neutral, PublicKeyToken=null" name="CanGetOccurence_AlphaOneMatch" />
    </UnitTest>
    <UnitTest name="CanJoin_OneAlpha" storage="c:\users\baran.topal\documents\c#projects\xylem-exercise-barantopal\c#.net\some.routing.v1\some.routing\bin\debug\alatest.routing.dll" id="8ab84981-3b3a-eaea-7820-8097e782bd0d">
      <Execution id="3ec5945d-1d75-4903-a54a-de429740560f" />
      <TestMethod codeBase="C:/Users/Baran.Topal/Documents/C#Projects/Xylem-Exercise-BaranTopal/C#.NET/Some.Routing.v1/Some.Routing/bin/Debug/Alatest.Routing.DLL" adapterTypeName="Microsoft.VisualStudio.TestTools.TestTypes.Unit.UnitTestAdapter, Microsoft.VisualStudio.QualityTools.Tips.UnitTest.Adapter, Version=10.0.0.0, Culture=neutral, PublicKeyToken=b03f5f7f11d50a3a" className="Routing.Test.WorkItemTest, Alatest.Routing, Version=1.0.0.0, Culture=neutral, PublicKeyToken=null" name="CanJoin_OneAlpha" />
    </UnitTest>
    <UnitTest name="CanGetOccurence_InputUpBoundaryExceedIntegerPartialMatchDiscard" storage="c:\users\baran.topal\documents\c#projects\xylem-exercise-barantopal\c#.net\some.routing.v1\some.routing\bin\debug\alatest.routing.dll" id="61581723-8f7e-9df2-5454-63bfc573f2ed">
      <Execution id="45eb4557-61ea-47b0-a58f-945d0aeec9cc" />
      <TestMethod codeBase="C:/Users/Baran.Topal/Documents/C#Projects/Xylem-Exercise-BaranTopal/C#.NET/Some.Routing.v1/Some.Routing/bin/Debug/Alatest.Routing.DLL" adapterTypeName="Microsoft.VisualStudio.TestTools.TestTypes.Unit.UnitTestAdapter, Microsoft.VisualStudio.QualityTools.Tips.UnitTest.Adapter, Version=10.0.0.0, Culture=neutral, PublicKeyToken=b03f5f7f11d50a3a" className="Routing.Test.WorkItemTest, Alatest.Routing, Version=1.0.0.0, Culture=neutral, PublicKeyToken=null" name="CanGetOccurence_InputUpBoundaryExceedIntegerPartialMatchDiscard" />
    </UnitTest>
    <UnitTest name="CannotRead_NoTextFile" storage="c:\users\baran.topal\documents\c#projects\xylem-exercise-barantopal\c#.net\some.routing.v1\some.routing\bin\debug\alatest.routing.dll" id="4f8c5f17-314d-948f-0284-369b9bbf876b">
      <Execution id="ebe719b9-5718-47b2-97fd-ce8d51b65731" />
      <TestMethod codeBase="C:/Users/Baran.Topal/Documents/C#Projects/Xylem-Exercise-BaranTopal/C#.NET/Some.Routing.v1/Some.Routing/bin/Debug/Alatest.Routing.DLL" adapterTypeName="Microsoft.VisualStudio.TestTools.TestTypes.Unit.UnitTestAdapter, Microsoft.VisualStudio.QualityTools.Tips.UnitTest.Adapter, Version=10.0.0.0, Culture=neutral, PublicKeyToken=b03f5f7f11d50a3a" className="Routing.Test.WorkItemTest, Alatest.Routing, Version=1.0.0.0, Culture=neutral, PublicKeyToken=null" name="CannotRead_NoTextFile" />
    </UnitTest>
    <UnitTest name="WorkItem_Constructor_Sets_Two_Delims_Two_Numerics3" storage="c:\users\baran.topal\documents\c#projects\xylem-exercise-barantopal\c#.net\some.routing.v1\some.routing\bin\debug\alatest.routing.dll" id="5a43c837-b6f7-8a58-2ae1-3895827e6b5f">
      <Execution id="1379e66d-2ec6-4b9b-9877-4dc1704d5c8b" />
      <TestMethod codeBase="C:/Users/Baran.Topal/Documents/C#Projects/Xylem-Exercise-BaranTopal/C#.NET/Some.Routing.v1/Some.Routing/bin/Debug/Alatest.Routing.DLL" adapterTypeName="Microsoft.VisualStudio.TestTools.TestTypes.Unit.UnitTestAdapter, Microsoft.VisualStudio.QualityTools.Tips.UnitTest.Adapter, Version=10.0.0.0, Culture=neutral, PublicKeyToken=b03f5f7f11d50a3a" className="Routing.Test.WorkItemTest, Alatest.Routing, Version=1.0.0.0, Culture=neutral, PublicKeyToken=null" name="WorkItem_Constructor_Sets_Two_Delims_Two_Numerics3" />
    </UnitTest>
    <UnitTest name="CanJoin_OneDelim" storage="c:\users\baran.topal\documents\c#projects\xylem-exercise-barantopal\c#.net\some.routing.v1\some.routing\bin\debug\alatest.routing.dll" id="3dcabc99-b46a-1040-eaec-65f0e985eb42">
      <Execution id="a61ed6bd-f660-4a0e-93fa-1ac70ee02c62" />
      <TestMethod codeBase="C:/Users/Baran.Topal/Documents/C#Projects/Xylem-Exercise-BaranTopal/C#.NET/Some.Routing.v1/Some.Routing/bin/Debug/Alatest.Routing.DLL" adapterTypeName="Microsoft.VisualStudio.TestTools.TestTypes.Unit.UnitTestAdapter, Microsoft.VisualStudio.QualityTools.Tips.UnitTest.Adapter, Version=10.0.0.0, Culture=neutral, PublicKeyToken=b03f5f7f11d50a3a" className="Routing.Test.WorkItemTest, Alatest.Routing, Version=1.0.0.0, Culture=neutral, PublicKeyToken=null" name="CanJoin_OneDelim" />
    </UnitTest>
    <UnitTest name="CanGetOccurence_InputLowBoundaryExceedIntegerPartialMatchDiscard" storage="c:\users\baran.topal\documents\c#projects\xylem-exercise-barantopal\c#.net\some.routing.v1\some.routing\bin\debug\alatest.routing.dll" id="50a38fe8-d4e4-dec7-2274-38aa967408bd">
      <Execution id="914d35a7-7670-4ee2-a1d3-029f3826bb0a" />
      <TestMethod codeBase="C:/Users/Baran.Topal/Documents/C#Projects/Xylem-Exercise-BaranTopal/C#.NET/Some.Routing.v1/Some.Routing/bin/Debug/Alatest.Routing.DLL" adapterTypeName="Microsoft.VisualStudio.TestTools.TestTypes.Unit.UnitTestAdapter, Microsoft.VisualStudio.QualityTools.Tips.UnitTest.Adapter, Version=10.0.0.0, Culture=neutral, PublicKeyToken=b03f5f7f11d50a3a" className="Routing.Test.WorkItemTest, Alatest.Routing, Version=1.0.0.0, Culture=neutral, PublicKeyToken=null" name="CanGetOccurence_InputLowBoundaryExceedIntegerPartialMatchDiscard" />
    </UnitTest>
    <UnitTest name="CanGetOccurence_Empty2" storage="c:\users\baran.topal\documents\c#projects\xylem-exercise-barantopal\c#.net\some.routing.v1\some.routing\bin\debug\alatest.routing.dll" id="7db65c9b-0bde-61e8-c41b-81a49deede45">
      <Execution id="9ea5ec08-0e67-4150-a5b8-70e5de02278f" />
      <TestMethod codeBase="C:/Users/Baran.Topal/Documents/C#Projects/Xylem-Exercise-BaranTopal/C#.NET/Some.Routing.v1/Some.Routing/bin/Debug/Alatest.Routing.DLL" adapterTypeName="Microsoft.VisualStudio.TestTools.TestTypes.Unit.UnitTestAdapter, Microsoft.VisualStudio.QualityTools.Tips.UnitTest.Adapter, Version=10.0.0.0, Culture=neutral, PublicKeyToken=b03f5f7f11d50a3a" className="Routing.Test.WorkItemTest, Alatest.Routing, Version=1.0.0.0, Culture=neutral, PublicKeyToken=null" name="CanGetOccurence_Empty2" />
    </UnitTest>
    <UnitTest name="CanGetOccurence_InputUpBoundaryExceedIntegerLongestMatch" storage="c:\users\baran.topal\documents\c#projects\xylem-exercise-barantopal\c#.net\some.routing.v1\some.routing\bin\debug\alatest.routing.dll" id="58cb2fac-b69c-034b-5e66-ce74d6b1ebc9">
      <Execution id="8d9157d6-4d97-41ae-8be2-30cdd4550252" />
      <TestMethod codeBase="C:/Users/Baran.Topal/Documents/C#Projects/Xylem-Exercise-BaranTopal/C#.NET/Some.Routing.v1/Some.Routing/bin/Debug/Alatest.Routing.DLL" adapterTypeName="Microsoft.VisualStudio.TestTools.TestTypes.Unit.UnitTestAdapter, Microsoft.VisualStudio.QualityTools.Tips.UnitTest.Adapter, Version=10.0.0.0, Culture=neutral, PublicKeyToken=b03f5f7f11d50a3a" className="Routing.Test.WorkItemTest, Alatest.Routing, Version=1.0.0.0, Culture=neutral, PublicKeyToken=null" name="CanGetOccurence_InputUpBoundaryExceedIntegerLongestMatch" />
    </UnitTest>
    <UnitTest name="CanGetOccurence_InputLowBoundaryExceedIntegerNoMatch" storage="c:\users\baran.topal\documents\c#projects\xylem-exercise-barantopal\c#.net\some.routing.v1\some.routing\bin\debug\alatest.routing.dll" id="e6878a51-bb05-09ef-4dbd-05539b8fc274">
      <Execution id="21420868-fe9f-47e0-8078-1a23ab25e4e5" />
      <TestMethod codeBase="C:/Users/Baran.Topal/Documents/C#Projects/Xylem-Exercise-BaranTopal/C#.NET/Some.Routing.v1/Some.Routing/bin/Debug/Alatest.Routing.DLL" adapterTypeName="Microsoft.VisualStudio.TestTools.TestTypes.Unit.UnitTestAdapter, Microsoft.VisualStudio.QualityTools.Tips.UnitTest.Adapter, Version=10.0.0.0, Culture=neutral, PublicKeyToken=b03f5f7f11d50a3a" className="Routing.Test.WorkItemTest, Alatest.Routing, Version=1.0.0.0, Culture=neutral, PublicKeyToken=null" name="CanGetOccurence_InputLowBoundaryExceedIntegerNoMatch" />
    </UnitTest>
    <UnitTest name="Set_Prefix_With_1_By_Constructor" storage="c:\users\baran.topal\documents\c#projects\xylem-exercise-barantopal\c#.net\some.routing.v1\some.routing\bin\debug\alatest.routing.dll" id="8b9d0900-c4a8-91db-73a9-a891935e1b97">
      <Execution id="cbd19202-6c5b-420a-9c79-31ffa8684ed8" />
      <TestMethod codeBase="C:/Users/Baran.Topal/Documents/C#Projects/Xylem-Exercise-BaranTopal/C#.NET/Some.Routing.v1/Some.Routing/bin/Debug/Alatest.Routing.DLL" adapterTypeName="Microsoft.VisualStudio.TestTools.TestTypes.Unit.UnitTestAdapter, Microsoft.VisualStudio.QualityTools.Tips.UnitTest.Adapter, Version=10.0.0.0, Culture=neutral, PublicKeyToken=b03f5f7f11d50a3a" className="Routing.Test.OperatorTest, Alatest.Routing, Version=1.0.0.0, Culture=neutral, PublicKeyToken=null" name="Set_Prefix_With_1_By_Constructor" />
    </UnitTest>
    <UnitTest name="CanGetOccurence_ExampleData" storage="c:\users\baran.topal\documents\c#projects\xylem-exercise-barantopal\c#.net\some.routing.v1\some.routing\bin\debug\alatest.routing.dll" id="34a7a836-2370-16cf-9d7e-c089260fd84a">
      <Execution id="f297f48f-c0c6-4848-9b3a-ba01f02e2b7a" />
      <TestMethod codeBase="C:/Users/Baran.Topal/Documents/C#Projects/Xylem-Exercise-BaranTopal/C#.NET/Some.Routing.v1/Some.Routing/bin/Debug/Alatest.Routing.DLL" adapterTypeName="Microsoft.VisualStudio.TestTools.TestTypes.Unit.UnitTestAdapter, Microsoft.VisualStudio.QualityTools.Tips.UnitTest.Adapter, Version=10.0.0.0, Culture=neutral, PublicKeyToken=b03f5f7f11d50a3a" className="Routing.Test.WorkItemTest, Alatest.Routing, Version=1.0.0.0, Culture=neutral, PublicKeyToken=null" name="CanGetOccurence_ExampleData" />
    </UnitTest>
    <UnitTest name="CanGetOccurence_PartialMatch_Discard" storage="c:\users\baran.topal\documents\c#projects\xylem-exercise-barantopal\c#.net\some.routing.v1\some.routing\bin\debug\alatest.routing.dll" id="c25c1549-d480-1359-d207-db88be7299b8">
      <Execution id="4865b386-b578-411f-8627-f6eb8b2ecb79" />
      <TestMethod codeBase="C:/Users/Baran.Topal/Documents/C#Projects/Xylem-Exercise-BaranTopal/C#.NET/Some.Routing.v1/Some.Routing/bin/Debug/Alatest.Routing.DLL" adapterTypeName="Microsoft.VisualStudio.TestTools.TestTypes.Unit.UnitTestAdapter, Microsoft.VisualStudio.QualityTools.Tips.UnitTest.Adapter, Version=10.0.0.0, Culture=neutral, PublicKeyToken=b03f5f7f11d50a3a" className="Routing.Test.WorkItemTest, Alatest.Routing, Version=1.0.0.0, Culture=neutral, PublicKeyToken=null" name="CanGetOccurence_PartialMatch_Discard" />
    </UnitTest>
    <UnitTest name="CanJoin_OneDelimOneNumeric" storage="c:\users\baran.topal\documents\c#projects\xylem-exercise-barantopal\c#.net\some.routing.v1\some.routing\bin\debug\alatest.routing.dll" id="028e5c0a-d10d-dc40-4be8-b8fb4a57d4c6">
      <Execution id="19585d55-70cc-4faf-8e50-13d6457a2500" />
      <TestMethod codeBase="C:/Users/Baran.Topal/Documents/C#Projects/Xylem-Exercise-BaranTopal/C#.NET/Some.Routing.v1/Some.Routing/bin/Debug/Alatest.Routing.DLL" adapterTypeName="Microsoft.VisualStudio.TestTools.TestTypes.Unit.UnitTestAdapter, Microsoft.VisualStudio.QualityTools.Tips.UnitTest.Adapter, Version=10.0.0.0, Culture=neutral, PublicKeyToken=b03f5f7f11d50a3a" className="Routing.Test.WorkItemTest, Alatest.Routing, Version=1.0.0.0, Culture=neutral, PublicKeyToken=null" name="CanJoin_OneDelimOneNumeric" />
    </UnitTest>
    <UnitTest name="CanGetOccurence_NoMatchAtAll2" storage="c:\users\baran.topal\documents\c#projects\xylem-exercise-barantopal\c#.net\some.routing.v1\some.routing\bin\debug\alatest.routing.dll" id="b11d1653-7c5d-b5b6-08ca-6a09ac659e6b">
      <Execution id="48d71b1c-870c-4f45-a32f-7a489b1a7394" />
      <TestMethod codeBase="C:/Users/Baran.Topal/Documents/C#Projects/Xylem-Exercise-BaranTopal/C#.NET/Some.Routing.v1/Some.Routing/bin/Debug/Alatest.Routing.DLL" adapterTypeName="Microsoft.VisualStudio.TestTools.TestTypes.Unit.UnitTestAdapter, Microsoft.VisualStudio.QualityTools.Tips.UnitTest.Adapter, Version=10.0.0.0, Culture=neutral, PublicKeyToken=b03f5f7f11d50a3a" className="Routing.Test.WorkItemTest, Alatest.Routing, Version=1.0.0.0, Culture=neutral, PublicKeyToken=null" name="CanGetOccurence_NoMatchAtAll2" />
    </UnitTest>
    <UnitTest name="CanGetOccurence_MultiMatch" storage="c:\users\baran.topal\documents\c#projects\xylem-exercise-barantopal\c#.net\some.routing.v1\some.routing\bin\debug\alatest.routing.dll" id="b68f3b94-ecad-5e30-a39c-3503bddd880e">
      <Execution id="1692947f-456e-4338-969b-b4fb29e5b2e9" />
      <TestMethod codeBase="C:/Users/Baran.Topal/Documents/C#Projects/Xylem-Exercise-BaranTopal/C#.NET/Some.Routing.v1/Some.Routing/bin/Debug/Alatest.Routing.DLL" adapterTypeName="Microsoft.VisualStudio.TestTools.TestTypes.Unit.UnitTestAdapter, Microsoft.VisualStudio.QualityTools.Tips.UnitTest.Adapter, Version=10.0.0.0, Culture=neutral, PublicKeyToken=b03f5f7f11d50a3a" className="Routing.Test.WorkItemTest, Alatest.Routing, Version=1.0.0.0, Culture=neutral, PublicKeyToken=null" name="CanGetOccurence_MultiMatch" />
    </UnitTest>
    <UnitTest name="CannotJoin_NonAlpha" storage="c:\users\baran.topal\documents\c#projects\xylem-exercise-barantopal\c#.net\some.routing.v1\some.routing\bin\debug\alatest.routing.dll" id="bd878030-fd7e-9dee-6362-2cb5df5a7627">
      <Execution id="e75c27b0-a495-4706-bc5a-b55e0eac683b" />
      <TestMethod codeBase="C:/Users/Baran.Topal/Documents/C#Projects/Xylem-Exercise-BaranTopal/C#.NET/Some.Routing.v1/Some.Routing/bin/Debug/Alatest.Routing.DLL" adapterTypeName="Microsoft.VisualStudio.TestTools.TestTypes.Unit.UnitTestAdapter, Microsoft.VisualStudio.QualityTools.Tips.UnitTest.Adapter, Version=10.0.0.0, Culture=neutral, PublicKeyToken=b03f5f7f11d50a3a" className="Routing.Test.WorkItemTest, Alatest.Routing, Version=1.0.0.0, Culture=neutral, PublicKeyToken=null" name="CannotJoin_NonAlpha" />
    </UnitTest>
    <UnitTest name="CanRead_PartialListTextFile1" storage="c:\users\baran.topal\documents\c#projects\xylem-exercise-barantopal\c#.net\some.routing.v1\some.routing\bin\debug\alatest.routing.dll" id="c75bb26f-7971-f998-d17c-22496797a229">
      <Execution id="5c91a656-c08f-4620-8212-150bde1b86c8" />
      <TestMethod codeBase="C:/Users/Baran.Topal/Documents/C#Projects/Xylem-Exercise-BaranTopal/C#.NET/Some.Routing.v1/Some.Routing/bin/Debug/Alatest.Routing.DLL" adapterTypeName="Microsoft.VisualStudio.TestTools.TestTypes.Unit.UnitTestAdapter, Microsoft.VisualStudio.QualityTools.Tips.UnitTest.Adapter, Version=10.0.0.0, Culture=neutral, PublicKeyToken=b03f5f7f11d50a3a" className="Routing.Test.WorkItemTest, Alatest.Routing, Version=1.0.0.0, Culture=neutral, PublicKeyToken=null" name="CanRead_PartialListTextFile1" />
    </UnitTest>
    <UnitTest name="CanGetOccurence_Perfect_Match_Long_Limit" storage="c:\users\baran.topal\documents\c#projects\xylem-exercise-barantopal\c#.net\some.routing.v1\some.routing\bin\debug\alatest.routing.dll" id="063561d7-aa97-89a6-34d5-7abd6d1d457d">
      <Execution id="4d2db88c-da92-49ec-84cb-a2814721cab2" />
      <TestMethod codeBase="C:/Users/Baran.Topal/Documents/C#Projects/Xylem-Exercise-BaranTopal/C#.NET/Some.Routing.v1/Some.Routing/bin/Debug/Alatest.Routing.DLL" adapterTypeName="Microsoft.VisualStudio.TestTools.TestTypes.Unit.UnitTestAdapter, Microsoft.VisualStudio.QualityTools.Tips.UnitTest.Adapter, Version=10.0.0.0, Culture=neutral, PublicKeyToken=b03f5f7f11d50a3a" className="Routing.Test.WorkItemTest, Alatest.Routing, Version=1.0.0.0, Culture=neutral, PublicKeyToken=null" name="CanGetOccurence_Perfect_Match_Long_Limit" />
    </UnitTest>
    <UnitTest name="WorkItem_Constructor_Sets_Two_Delimiter_With_One_Numeric3" storage="c:\users\baran.topal\documents\c#projects\xylem-exercise-barantopal\c#.net\some.routing.v1\some.routing\bin\debug\alatest.routing.dll" id="65176b37-e1dd-d711-7e26-7ab50efbd0a0">
      <Execution id="99bab214-76a2-40f7-a6a2-8ca3c86ad344" />
      <TestMethod codeBase="C:/Users/Baran.Topal/Documents/C#Projects/Xylem-Exercise-BaranTopal/C#.NET/Some.Routing.v1/Some.Routing/bin/Debug/Alatest.Routing.DLL" adapterTypeName="Microsoft.VisualStudio.TestTools.TestTypes.Unit.UnitTestAdapter, Microsoft.VisualStudio.QualityTools.Tips.UnitTest.Adapter, Version=10.0.0.0, Culture=neutral, PublicKeyToken=b03f5f7f11d50a3a" className="Routing.Test.WorkItemTest, Alatest.Routing, Version=1.0.0.0, Culture=neutral, PublicKeyToken=null" name="WorkItem_Constructor_Sets_Two_Delimiter_With_One_Numeric3" />
    </UnitTest>
    <UnitTest name="CanJoin_OneDelimOneAlpha" storage="c:\users\baran.topal\documents\c#projects\xylem-exercise-barantopal\c#.net\some.routing.v1\some.routing\bin\debug\alatest.routing.dll" id="6cf6d9ad-0b4b-f96b-04b3-595c7550f530">
      <Execution id="fdeabcd0-5a35-48e5-a23c-d947d945d782" />
      <TestMethod codeBase="C:/Users/Baran.Topal/Documents/C#Projects/Xylem-Exercise-BaranTopal/C#.NET/Some.Routing.v1/Some.Routing/bin/Debug/Alatest.Routing.DLL" adapterTypeName="Microsoft.VisualStudio.TestTools.TestTypes.Unit.UnitTestAdapter, Microsoft.VisualStudio.QualityTools.Tips.UnitTest.Adapter, Version=10.0.0.0, Culture=neutral, PublicKeyToken=b03f5f7f11d50a3a" className="Routing.Test.WorkItemTest, Alatest.Routing, Version=1.0.0.0, Culture=neutral, PublicKeyToken=null" name="CanJoin_OneDelimOneAlpha" />
    </UnitTest>
    <UnitTest name="WorkItem_Constructor_Sets_Two_Delimiters2" storage="c:\users\baran.topal\documents\c#projects\xylem-exercise-barantopal\c#.net\some.routing.v1\some.routing\bin\debug\alatest.routing.dll" id="115bce02-3cca-6a89-4be1-b6bcb34d4cd3">
      <Execution id="5fa9b433-992a-42b0-94f5-ae2c75df2fc4" />
      <TestMethod codeBase="C:/Users/Baran.Topal/Documents/C#Projects/Xylem-Exercise-BaranTopal/C#.NET/Some.Routing.v1/Some.Routing/bin/Debug/Alatest.Routing.DLL" adapterTypeName="Microsoft.VisualStudio.TestTools.TestTypes.Unit.UnitTestAdapter, Microsoft.VisualStudio.QualityTools.Tips.UnitTest.Adapter, Version=10.0.0.0, Culture=neutral, PublicKeyToken=b03f5f7f11d50a3a" className="Routing.Test.WorkItemTest, Alatest.Routing, Version=1.0.0.0, Culture=neutral, PublicKeyToken=null" name="WorkItem_Constructor_Sets_Two_Delimiters2" />
    </UnitTest>
    <UnitTest name="WorkItem_Constructor_Sets_One_Alpha" storage="c:\users\baran.topal\documents\c#projects\xylem-exercise-barantopal\c#.net\some.routing.v1\some.routing\bin\debug\alatest.routing.dll" id="406970ca-951e-c386-b1ae-c7dca2244b11">
      <Execution id="4af66282-366a-48cc-9513-ec58f56e1ad8" />
      <TestMethod codeBase="C:/Users/Baran.Topal/Documents/C#Projects/Xylem-Exercise-BaranTopal/C#.NET/Some.Routing.v1/Some.Routing/bin/Debug/Alatest.Routing.DLL" adapterTypeName="Microsoft.VisualStudio.TestTools.TestTypes.Unit.UnitTestAdapter, Microsoft.VisualStudio.QualityTools.Tips.UnitTest.Adapter, Version=10.0.0.0, Culture=neutral, PublicKeyToken=b03f5f7f11d50a3a" className="Routing.Test.WorkItemTest, Alatest.Routing, Version=1.0.0.0, Culture=neutral, PublicKeyToken=null" name="WorkItem_Constructor_Sets_One_Alpha" />
    </UnitTest>
    <UnitTest name="CanJoin_Empty" storage="c:\users\baran.topal\documents\c#projects\xylem-exercise-barantopal\c#.net\some.routing.v1\some.routing\bin\debug\alatest.routing.dll" id="fb8c88ff-8ff6-ae39-8e37-df64873d2ce5">
      <Execution id="dcc1bd32-900f-4f72-895d-ed86f978bf06" />
      <TestMethod codeBase="C:/Users/Baran.Topal/Documents/C#Projects/Xylem-Exercise-BaranTopal/C#.NET/Some.Routing.v1/Some.Routing/bin/Debug/Alatest.Routing.DLL" adapterTypeName="Microsoft.VisualStudio.TestTools.TestTypes.Unit.UnitTestAdapter, Microsoft.VisualStudio.QualityTools.Tips.UnitTest.Adapter, Version=10.0.0.0, Culture=neutral, PublicKeyToken=b03f5f7f11d50a3a" className="Routing.Test.WorkItemTest, Alatest.Routing, Version=1.0.0.0, Culture=neutral, PublicKeyToken=null" name="CanJoin_Empty" />
    </UnitTest>
    <UnitTest name="CanGetOccurence_Perfect_Match" storage="c:\users\baran.topal\documents\c#projects\xylem-exercise-barantopal\c#.net\some.routing.v1\some.routing\bin\debug\alatest.routing.dll" id="6f87abf3-d8e6-af81-7874-eea8e42101f5">
      <Execution id="597ebd1d-2ed5-4775-b194-e2ba35765eaa" />
      <TestMethod codeBase="C:/Users/Baran.Topal/Documents/C#Projects/Xylem-Exercise-BaranTopal/C#.NET/Some.Routing.v1/Some.Routing/bin/Debug/Alatest.Routing.DLL" adapterTypeName="Microsoft.VisualStudio.TestTools.TestTypes.Unit.UnitTestAdapter, Microsoft.VisualStudio.QualityTools.Tips.UnitTest.Adapter, Version=10.0.0.0, Culture=neutral, PublicKeyToken=b03f5f7f11d50a3a" className="Routing.Test.WorkItemTest, Alatest.Routing, Version=1.0.0.0, Culture=neutral, PublicKeyToken=null" name="CanGetOccurence_Perfect_Match" />
    </UnitTest>
    <UnitTest name="WorkItem_Constructor_Sets_Two_Delimiters1" storage="c:\users\baran.topal\documents\c#projects\xylem-exercise-barantopal\c#.net\some.routing.v1\some.routing\bin\debug\alatest.routing.dll" id="fd258010-8ec5-fa57-f67d-af68e6163565">
      <Execution id="e23c4bbf-729a-4263-bb61-40d3d262fff0" />
      <TestMethod codeBase="C:/Users/Baran.Topal/Documents/C#Projects/Xylem-Exercise-BaranTopal/C#.NET/Some.Routing.v1/Some.Routing/bin/Debug/Alatest.Routing.DLL" adapterTypeName="Microsoft.VisualStudio.TestTools.TestTypes.Unit.UnitTestAdapter, Microsoft.VisualStudio.QualityTools.Tips.UnitTest.Adapter, Version=10.0.0.0, Culture=neutral, PublicKeyToken=b03f5f7f11d50a3a" className="Routing.Test.WorkItemTest, Alatest.Routing, Version=1.0.0.0, Culture=neutral, PublicKeyToken=null" name="WorkItem_Constructor_Sets_Two_Delimiters1" />
    </UnitTest>
    <UnitTest name="WorkItem_Constructor_Sets_Two_Delims_Two_Numerics2" storage="c:\users\baran.topal\documents\c#projects\xylem-exercise-barantopal\c#.net\some.routing.v1\some.routing\bin\debug\alatest.routing.dll" id="eb94a57f-86e2-9c76-61a8-f5ac3dcd1ab8">
      <Execution id="5f6c1dd8-b1c0-4a7c-9e11-10d2e5459a07" />
      <TestMethod codeBase="C:/Users/Baran.Topal/Documents/C#Projects/Xylem-Exercise-BaranTopal/C#.NET/Some.Routing.v1/Some.Routing/bin/Debug/Alatest.Routing.DLL" adapterTypeName="Microsoft.VisualStudio.TestTools.TestTypes.Unit.UnitTestAdapter, Microsoft.VisualStudio.QualityTools.Tips.UnitTest.Adapter, Version=10.0.0.0, Culture=neutral, PublicKeyToken=b03f5f7f11d50a3a" className="Routing.Test.WorkItemTest, Alatest.Routing, Version=1.0.0.0, Culture=neutral, PublicKeyToken=null" name="WorkItem_Constructor_Sets_Two_Delims_Two_Numerics2" />
    </UnitTest>
    <UnitTest name="CanGetOccurence_InputLowBoundaryExceedIntegerMultiMatch" storage="c:\users\baran.topal\documents\c#projects\xylem-exercise-barantopal\c#.net\some.routing.v1\some.routing\bin\debug\alatest.routing.dll" id="03581d7c-f453-8b1e-3c1c-4bb017a90a17">
      <Execution id="1d50d9bd-f32a-4900-8e19-d677d3e6997e" />
      <TestMethod codeBase="C:/Users/Baran.Topal/Documents/C#Projects/Xylem-Exercise-BaranTopal/C#.NET/Some.Routing.v1/Some.Routing/bin/Debug/Alatest.Routing.DLL" adapterTypeName="Microsoft.VisualStudio.TestTools.TestTypes.Unit.UnitTestAdapter, Microsoft.VisualStudio.QualityTools.Tips.UnitTest.Adapter, Version=10.0.0.0, Culture=neutral, PublicKeyToken=b03f5f7f11d50a3a" className="Routing.Test.WorkItemTest, Alatest.Routing, Version=1.0.0.0, Culture=neutral, PublicKeyToken=null" name="CanGetOccurence_InputLowBoundaryExceedIntegerMultiMatch" />
    </UnitTest>
    <UnitTest name="CanJoin_TwoNumeric" storage="c:\users\baran.topal\documents\c#projects\xylem-exercise-barantopal\c#.net\some.routing.v1\some.routing\bin\debug\alatest.routing.dll" id="86aeb78a-8e8e-c8ca-8cdb-577121c05131">
      <Execution id="868a6b74-3e91-4b20-82b5-65cf394cde69" />
      <TestMethod codeBase="C:/Users/Baran.Topal/Documents/C#Projects/Xylem-Exercise-BaranTopal/C#.NET/Some.Routing.v1/Some.Routing/bin/Debug/Alatest.Routing.DLL" adapterTypeName="Microsoft.VisualStudio.TestTools.TestTypes.Unit.UnitTestAdapter, Microsoft.VisualStudio.QualityTools.Tips.UnitTest.Adapter, Version=10.0.0.0, Culture=neutral, PublicKeyToken=b03f5f7f11d50a3a" className="Routing.Test.WorkItemTest, Alatest.Routing, Version=1.0.0.0, Culture=neutral, PublicKeyToken=null" name="CanJoin_TwoNumeric" />
    </UnitTest>
    <UnitTest name="CanRead_PartialListTextFile3" storage="c:\users\baran.topal\documents\c#projects\xylem-exercise-barantopal\c#.net\some.routing.v1\some.routing\bin\debug\alatest.routing.dll" id="8bf7b4c8-9b6c-2b5c-c1c3-206ac71259fc">
      <Execution id="f9abf689-961e-411b-bb01-7d9109a964ce" />
      <TestMethod codeBase="C:/Users/Baran.Topal/Documents/C#Projects/Xylem-Exercise-BaranTopal/C#.NET/Some.Routing.v1/Some.Routing/bin/Debug/Alatest.Routing.DLL" adapterTypeName="Microsoft.VisualStudio.TestTools.TestTypes.Unit.UnitTestAdapter, Microsoft.VisualStudio.QualityTools.Tips.UnitTest.Adapter, Version=10.0.0.0, Culture=neutral, PublicKeyToken=b03f5f7f11d50a3a" className="Routing.Test.WorkItemTest, Alatest.Routing, Version=1.0.0.0, Culture=neutral, PublicKeyToken=null" name="CanRead_PartialListTextFile3" />
    </UnitTest>
    <UnitTest name="CanGetOccurence_InputUpBoundaryExceedIntegerMultiMatch" storage="c:\users\baran.topal\documents\c#projects\xylem-exercise-barantopal\c#.net\some.routing.v1\some.routing\bin\debug\alatest.routing.dll" id="6cddf26c-8d34-8ef3-632e-343b72effef5">
      <Execution id="d6184f6b-3d6b-4719-b866-442b2d9ee2d3" />
      <TestMethod codeBase="C:/Users/Baran.Topal/Documents/C#Projects/Xylem-Exercise-BaranTopal/C#.NET/Some.Routing.v1/Some.Routing/bin/Debug/Alatest.Routing.DLL" adapterTypeName="Microsoft.VisualStudio.TestTools.TestTypes.Unit.UnitTestAdapter, Microsoft.VisualStudio.QualityTools.Tips.UnitTest.Adapter, Version=10.0.0.0, Culture=neutral, PublicKeyToken=b03f5f7f11d50a3a" className="Routing.Test.WorkItemTest, Alatest.Routing, Version=1.0.0.0, Culture=neutral, PublicKeyToken=null" name="CanGetOccurence_InputUpBoundaryExceedIntegerMultiMatch" />
    </UnitTest>
    <UnitTest name="CannotRead_Gibberish" storage="c:\users\baran.topal\documents\c#projects\xylem-exercise-barantopal\c#.net\some.routing.v1\some.routing\bin\debug\alatest.routing.dll" id="42695eaf-d159-db18-bac5-76cfa07cc903">
      <Execution id="177f4a06-4b7a-4d13-9bab-c51416d1edda" />
      <TestMethod codeBase="C:/Users/Baran.Topal/Documents/C#Projects/Xylem-Exercise-BaranTopal/C#.NET/Some.Routing.v1/Some.Routing/bin/Debug/Alatest.Routing.DLL" adapterTypeName="Microsoft.VisualStudio.TestTools.TestTypes.Unit.UnitTestAdapter, Microsoft.VisualStudio.QualityTools.Tips.UnitTest.Adapter, Version=10.0.0.0, Culture=neutral, PublicKeyToken=b03f5f7f11d50a3a" className="Routing.Test.WorkItemTest, Alatest.Routing, Version=1.0.0.0, Culture=neutral, PublicKeyToken=null" name="CannotRead_Gibberish" />
    </UnitTest>
    <UnitTest name="WorkItem_Constructor_Sets_One_Numeric" storage="c:\users\baran.topal\documents\c#projects\xylem-exercise-barantopal\c#.net\some.routing.v1\some.routing\bin\debug\alatest.routing.dll" id="c3d35b1e-2277-70ed-f8bc-564f00d3c9ea">
      <Execution id="8eeab513-dd81-4b9f-9a22-cb18e5807d2a" />
      <TestMethod codeBase="C:/Users/Baran.Topal/Documents/C#Projects/Xylem-Exercise-BaranTopal/C#.NET/Some.Routing.v1/Some.Routing/bin/Debug/Alatest.Routing.DLL" adapterTypeName="Microsoft.VisualStudio.TestTools.TestTypes.Unit.UnitTestAdapter, Microsoft.VisualStudio.QualityTools.Tips.UnitTest.Adapter, Version=10.0.0.0, Culture=neutral, PublicKeyToken=b03f5f7f11d50a3a" className="Routing.Test.WorkItemTest, Alatest.Routing, Version=1.0.0.0, Culture=neutral, PublicKeyToken=null" name="WorkItem_Constructor_Sets_One_Numeric" />
    </UnitTest>
    <UnitTest name="WorkItem_Constructor_Sets_One_Delimiter" storage="c:\users\baran.topal\documents\c#projects\xylem-exercise-barantopal\c#.net\some.routing.v1\some.routing\bin\debug\alatest.routing.dll" id="854e9205-6fa8-c676-a5fa-fff6b0dec57a">
      <Execution id="550e7788-666c-4979-8ad6-a4df5f97d50c" />
      <TestMethod codeBase="C:/Users/Baran.Topal/Documents/C#Projects/Xylem-Exercise-BaranTopal/C#.NET/Some.Routing.v1/Some.Routing/bin/Debug/Alatest.Routing.DLL" adapterTypeName="Microsoft.VisualStudio.TestTools.TestTypes.Unit.UnitTestAdapter, Microsoft.VisualStudio.QualityTools.Tips.UnitTest.Adapter, Version=10.0.0.0, Culture=neutral, PublicKeyToken=b03f5f7f11d50a3a" className="Routing.Test.WorkItemTest, Alatest.Routing, Version=1.0.0.0, Culture=neutral, PublicKeyToken=null" name="WorkItem_Constructor_Sets_One_Delimiter" />
    </UnitTest>
    <UnitTest name="CanJoin_OneNumeric" storage="c:\users\baran.topal\documents\c#projects\xylem-exercise-barantopal\c#.net\some.routing.v1\some.routing\bin\debug\alatest.routing.dll" id="13f5ea85-3c92-4c79-13c8-02df37581306">
      <Execution id="75d9f3a6-adbc-4a59-a146-a5a85edc588c" />
      <TestMethod codeBase="C:/Users/Baran.Topal/Documents/C#Projects/Xylem-Exercise-BaranTopal/C#.NET/Some.Routing.v1/Some.Routing/bin/Debug/Alatest.Routing.DLL" adapterTypeName="Microsoft.VisualStudio.TestTools.TestTypes.Unit.UnitTestAdapter, Microsoft.VisualStudio.QualityTools.Tips.UnitTest.Adapter, Version=10.0.0.0, Culture=neutral, PublicKeyToken=b03f5f7f11d50a3a" className="Routing.Test.WorkItemTest, Alatest.Routing, Version=1.0.0.0, Culture=neutral, PublicKeyToken=null" name="CanJoin_OneNumeric" />
    </UnitTest>
    <UnitTest name="Set_Prefix_With_0_By_Constructor" storage="c:\users\baran.topal\documents\c#projects\xylem-exercise-barantopal\c#.net\some.routing.v1\some.routing\bin\debug\alatest.routing.dll" id="fec123b8-cc77-768a-fa3f-9fe0924b6f49">
      <Execution id="0f1fdf26-5986-4470-ad88-c2bd41a36587" />
      <TestMethod codeBase="C:/Users/Baran.Topal/Documents/C#Projects/Xylem-Exercise-BaranTopal/C#.NET/Some.Routing.v1/Some.Routing/bin/Debug/Alatest.Routing.DLL" adapterTypeName="Microsoft.VisualStudio.TestTools.TestTypes.Unit.UnitTestAdapter, Microsoft.VisualStudio.QualityTools.Tips.UnitTest.Adapter, Version=10.0.0.0, Culture=neutral, PublicKeyToken=b03f5f7f11d50a3a" className="Routing.Test.OperatorTest, Alatest.Routing, Version=1.0.0.0, Culture=neutral, PublicKeyToken=null" name="Set_Prefix_With_0_By_Constructor" />
    </UnitTest>
    <UnitTest name="Set_Price_Prefix_With_Boundary_1_By_Constructor" storage="c:\users\baran.topal\documents\c#projects\xylem-exercise-barantopal\c#.net\some.routing.v1\some.routing\bin\debug\alatest.routing.dll" id="93620807-0cc0-66f7-ff97-5454076e98d1">
      <Execution id="20616afb-061d-41cf-842e-1bd275ee2be9" />
      <TestMethod codeBase="C:/Users/Baran.Topal/Documents/C#Projects/Xylem-Exercise-BaranTopal/C#.NET/Some.Routing.v1/Some.Routing/bin/Debug/Alatest.Routing.DLL" adapterTypeName="Microsoft.VisualStudio.TestTools.TestTypes.Unit.UnitTestAdapter, Microsoft.VisualStudio.QualityTools.Tips.UnitTest.Adapter, Version=10.0.0.0, Culture=neutral, PublicKeyToken=b03f5f7f11d50a3a" className="Routing.Test.OperatorTest, Alatest.Routing, Version=1.0.0.0, Culture=neutral, PublicKeyToken=null" name="Set_Price_Prefix_With_Boundary_1_By_Constructor" />
    </UnitTest>
    <UnitTest name="Set_Prefix_With_Negative_By_Constructor" storage="c:\users\baran.topal\documents\c#projects\xylem-exercise-barantopal\c#.net\some.routing.v1\some.routing\bin\debug\alatest.routing.dll" id="f296844d-e75d-5e52-8f07-2d9da6b8f871">
      <Execution id="a4877b87-53bc-4954-9077-c43b28484475" />
      <TestMethod codeBase="C:/Users/Baran.Topal/Documents/C#Projects/Xylem-Exercise-BaranTopal/C#.NET/Some.Routing.v1/Some.Routing/bin/Debug/Alatest.Routing.DLL" adapterTypeName="Microsoft.VisualStudio.TestTools.TestTypes.Unit.UnitTestAdapter, Microsoft.VisualStudio.QualityTools.Tips.UnitTest.Adapter, Version=10.0.0.0, Culture=neutral, PublicKeyToken=b03f5f7f11d50a3a" className="Routing.Test.OperatorTest, Alatest.Routing, Version=1.0.0.0, Culture=neutral, PublicKeyToken=null" name="Set_Prefix_With_Negative_By_Constructor" />
    </UnitTest>
    <UnitTest name="CanGetOccurence_AlphaZeroMatch" storage="c:\users\baran.topal\documents\c#projects\xylem-exercise-barantopal\c#.net\some.routing.v1\some.routing\bin\debug\alatest.routing.dll" id="05851dfc-e26b-9336-e231-f75a491906f8">
      <Execution id="9a339062-d29a-4472-8c4b-039a46979972" />
      <TestMethod codeBase="C:/Users/Baran.Topal/Documents/C#Projects/Xylem-Exercise-BaranTopal/C#.NET/Some.Routing.v1/Some.Routing/bin/Debug/Alatest.Routing.DLL" adapterTypeName="Microsoft.VisualStudio.TestTools.TestTypes.Unit.UnitTestAdapter, Microsoft.VisualStudio.QualityTools.Tips.UnitTest.Adapter, Version=10.0.0.0, Culture=neutral, PublicKeyToken=b03f5f7f11d50a3a" className="Routing.Test.WorkItemTest, Alatest.Routing, Version=1.0.0.0, Culture=neutral, PublicKeyToken=null" name="CanGetOccurence_AlphaZeroMatch" />
    </UnitTest>
    <UnitTest name="CanGetOccurence_InputUpBoundaryExceedIntegerNoMatch" storage="c:\users\baran.topal\documents\c#projects\xylem-exercise-barantopal\c#.net\some.routing.v1\some.routing\bin\debug\alatest.routing.dll" id="a379b317-a5bd-1a86-5945-2c18e3b99109">
      <Execution id="4ee3a2c9-d844-437b-bcfa-b7e9144ab5eb" />
      <TestMethod codeBase="C:/Users/Baran.Topal/Documents/C#Projects/Xylem-Exercise-BaranTopal/C#.NET/Some.Routing.v1/Some.Routing/bin/Debug/Alatest.Routing.DLL" adapterTypeName="Microsoft.VisualStudio.TestTools.TestTypes.Unit.UnitTestAdapter, Microsoft.VisualStudio.QualityTools.Tips.UnitTest.Adapter, Version=10.0.0.0, Culture=neutral, PublicKeyToken=b03f5f7f11d50a3a" className="Routing.Test.WorkItemTest, Alatest.Routing, Version=1.0.0.0, Culture=neutral, PublicKeyToken=null" name="CanGetOccurence_InputUpBoundaryExceedIntegerNoMatch" />
    </UnitTest>
    <UnitTest name="WorkItem_Constructor_Sets_Two_Delims_Two_Numerics1" storage="c:\users\baran.topal\documents\c#projects\xylem-exercise-barantopal\c#.net\some.routing.v1\some.routing\bin\debug\alatest.routing.dll" id="26316a9e-9a69-5f26-f0ce-78fef82dbb05">
      <Execution id="316fd7e1-58e7-4a37-aefe-8d5774b2396d" />
      <TestMethod codeBase="C:/Users/Baran.Topal/Documents/C#Projects/Xylem-Exercise-BaranTopal/C#.NET/Some.Routing.v1/Some.Routing/bin/Debug/Alatest.Routing.DLL" adapterTypeName="Microsoft.VisualStudio.TestTools.TestTypes.Unit.UnitTestAdapter, Microsoft.VisualStudio.QualityTools.Tips.UnitTest.Adapter, Version=10.0.0.0, Culture=neutral, PublicKeyToken=b03f5f7f11d50a3a" className="Routing.Test.WorkItemTest, Alatest.Routing, Version=1.0.0.0, Culture=neutral, PublicKeyToken=null" name="WorkItem_Constructor_Sets_Two_Delims_Two_Numerics1" />
    </UnitTest>
    <UnitTest name="WorkItem_Constructor_Sets_Delimiter_Two_Numerics" storage="c:\users\baran.topal\documents\c#projects\xylem-exercise-barantopal\c#.net\some.routing.v1\some.routing\bin\debug\alatest.routing.dll" id="3889717e-20d4-649c-af56-dfa1979dae8b">
      <Execution id="c9c9af08-8aaa-4463-87a8-02ccfdc073ae" />
      <TestMethod codeBase="C:/Users/Baran.Topal/Documents/C#Projects/Xylem-Exercise-BaranTopal/C#.NET/Some.Routing.v1/Some.Routing/bin/Debug/Alatest.Routing.DLL" adapterTypeName="Microsoft.VisualStudio.TestTools.TestTypes.Unit.UnitTestAdapter, Microsoft.VisualStudio.QualityTools.Tips.UnitTest.Adapter, Version=10.0.0.0, Culture=neutral, PublicKeyToken=b03f5f7f11d50a3a" className="Routing.Test.WorkItemTest, Alatest.Routing, Version=1.0.0.0, Culture=neutral, PublicKeyToken=null" name="WorkItem_Constructor_Sets_Delimiter_Two_Numerics" />
    </UnitTest>
    <UnitTest name="CanGetOccurence_NoMatchAtAll1" storage="c:\users\baran.topal\documents\c#projects\xylem-exercise-barantopal\c#.net\some.routing.v1\some.routing\bin\debug\alatest.routing.dll" id="6ccf92d2-a060-1761-27ed-90635de7f638">
      <Execution id="03496da6-0ebe-4460-af42-b288b7ccf17c" />
      <TestMethod codeBase="C:/Users/Baran.Topal/Documents/C#Projects/Xylem-Exercise-BaranTopal/C#.NET/Some.Routing.v1/Some.Routing/bin/Debug/Alatest.Routing.DLL" adapterTypeName="Microsoft.VisualStudio.TestTools.TestTypes.Unit.UnitTestAdapter, Microsoft.VisualStudio.QualityTools.Tips.UnitTest.Adapter, Version=10.0.0.0, Culture=neutral, PublicKeyToken=b03f5f7f11d50a3a" className="Routing.Test.WorkItemTest, Alatest.Routing, Version=1.0.0.0, Culture=neutral, PublicKeyToken=null" name="CanGetOccurence_NoMatchAtAll1" />
    </UnitTest>
    <UnitTest name="CanGetOccurence_Empty1" storage="c:\users\baran.topal\documents\c#projects\xylem-exercise-barantopal\c#.net\some.routing.v1\some.routing\bin\debug\alatest.routing.dll" id="d76f6886-5838-e958-30c4-1036540597fb">
      <Execution id="31259e8d-760c-49d8-b1ca-adb0daeeb9ad" />
      <TestMethod codeBase="C:/Users/Baran.Topal/Documents/C#Projects/Xylem-Exercise-BaranTopal/C#.NET/Some.Routing.v1/Some.Routing/bin/Debug/Alatest.Routing.DLL" adapterTypeName="Microsoft.VisualStudio.TestTools.TestTypes.Unit.UnitTestAdapter, Microsoft.VisualStudio.QualityTools.Tips.UnitTest.Adapter, Version=10.0.0.0, Culture=neutral, PublicKeyToken=b03f5f7f11d50a3a" className="Routing.Test.WorkItemTest, Alatest.Routing, Version=1.0.0.0, Culture=neutral, PublicKeyToken=null" name="CanGetOccurence_Empty1" />
    </UnitTest>
    <UnitTest name="WorkItem_Constructor_Sets_Two_Delimiters_Diff" storage="c:\users\baran.topal\documents\c#projects\xylem-exercise-barantopal\c#.net\some.routing.v1\some.routing\bin\debug\alatest.routing.dll" id="5d8cc396-735a-14ad-e883-96db575827fa">
      <Execution id="53b737da-c0f9-42f0-b998-450fb6df7331" />
      <TestMethod codeBase="C:/Users/Baran.Topal/Documents/C#Projects/Xylem-Exercise-BaranTopal/C#.NET/Some.Routing.v1/Some.Routing/bin/Debug/Alatest.Routing.DLL" adapterTypeName="Microsoft.VisualStudio.TestTools.TestTypes.Unit.UnitTestAdapter, Microsoft.VisualStudio.QualityTools.Tips.UnitTest.Adapter, Version=10.0.0.0, Culture=neutral, PublicKeyToken=b03f5f7f11d50a3a" className="Routing.Test.WorkItemTest, Alatest.Routing, Version=1.0.0.0, Culture=neutral, PublicKeyToken=null" name="WorkItem_Constructor_Sets_Two_Delimiters_Diff" />
    </UnitTest>
    <UnitTest name="CanJoin_TwoDelims_OneNumeric" storage="c:\users\baran.topal\documents\c#projects\xylem-exercise-barantopal\c#.net\some.routing.v1\some.routing\bin\debug\alatest.routing.dll" id="fa4811cf-e879-dcac-0463-577396cf7190">
      <Execution id="8bea408f-e829-49f5-ba1f-9493e56a306b" />
      <TestMethod codeBase="C:/Users/Baran.Topal/Documents/C#Projects/Xylem-Exercise-BaranTopal/C#.NET/Some.Routing.v1/Some.Routing/bin/Debug/Alatest.Routing.DLL" adapterTypeName="Microsoft.VisualStudio.TestTools.TestTypes.Unit.UnitTestAdapter, Microsoft.VisualStudio.QualityTools.Tips.UnitTest.Adapter, Version=10.0.0.0, Culture=neutral, PublicKeyToken=b03f5f7f11d50a3a" className="Routing.Test.WorkItemTest, Alatest.Routing, Version=1.0.0.0, Culture=neutral, PublicKeyToken=null" name="CanJoin_TwoDelims_OneNumeric" />
    </UnitTest>
    <UnitTest name="CanGetOccurence_InputLowBoundaryExceedIntegerLongestMatch" storage="c:\users\baran.topal\documents\c#projects\xylem-exercise-barantopal\c#.net\some.routing.v1\some.routing\bin\debug\alatest.routing.dll" id="41de26a4-2629-80f3-c59e-967c40264034">
      <Execution id="9e994ac0-a135-4d9c-a09f-62555476f52b" />
      <TestMethod codeBase="C:/Users/Baran.Topal/Documents/C#Projects/Xylem-Exercise-BaranTopal/C#.NET/Some.Routing.v1/Some.Routing/bin/Debug/Alatest.Routing.DLL" adapterTypeName="Microsoft.VisualStudio.TestTools.TestTypes.Unit.UnitTestAdapter, Microsoft.VisualStudio.QualityTools.Tips.UnitTest.Adapter, Version=10.0.0.0, Culture=neutral, PublicKeyToken=b03f5f7f11d50a3a" className="Routing.Test.WorkItemTest, Alatest.Routing, Version=1.0.0.0, Culture=neutral, PublicKeyToken=null" name="CanGetOccurence_InputLowBoundaryExceedIntegerLongestMatch" />
    </UnitTest>
    <UnitTest name="WorkItem_Constructor_Sets_Empty" storage="c:\users\baran.topal\documents\c#projects\xylem-exercise-barantopal\c#.net\some.routing.v1\some.routing\bin\debug\alatest.routing.dll" id="ab1eac82-8e13-e46d-5bc0-42d3f9450e79">
      <Execution id="bc7e6b64-378e-4abe-8421-c2b5d224732e" />
      <TestMethod codeBase="C:/Users/Baran.Topal/Documents/C#Projects/Xylem-Exercise-BaranTopal/C#.NET/Some.Routing.v1/Some.Routing/bin/Debug/Alatest.Routing.DLL" adapterTypeName="Microsoft.VisualStudio.TestTools.TestTypes.Unit.UnitTestAdapter, Microsoft.VisualStudio.QualityTools.Tips.UnitTest.Adapter, Version=10.0.0.0, Culture=neutral, PublicKeyToken=b03f5f7f11d50a3a" className="Routing.Test.WorkItemTest, Alatest.Routing, Version=1.0.0.0, Culture=neutral, PublicKeyToken=null" name="WorkItem_Constructor_Sets_Empty" />
    </UnitTest>
    <UnitTest name="WorkItem_Constructor_Sets_Delimiter_With_One_Numeric" storage="c:\users\baran.topal\documents\c#projects\xylem-exercise-barantopal\c#.net\some.routing.v1\some.routing\bin\debug\alatest.routing.dll" id="a142240f-169b-6879-dcaf-bae49812e2d3">
      <Execution id="255c1db5-eda1-446c-8c93-74e04f4da705" />
      <TestMethod codeBase="C:/Users/Baran.Topal/Documents/C#Projects/Xylem-Exercise-BaranTopal/C#.NET/Some.Routing.v1/Some.Routing/bin/Debug/Alatest.Routing.DLL" adapterTypeName="Microsoft.VisualStudio.TestTools.TestTypes.Unit.UnitTestAdapter, Microsoft.VisualStudio.QualityTools.Tips.UnitTest.Adapter, Version=10.0.0.0, Culture=neutral, PublicKeyToken=b03f5f7f11d50a3a" className="Routing.Test.WorkItemTest, Alatest.Routing, Version=1.0.0.0, Culture=neutral, PublicKeyToken=null" name="WorkItem_Constructor_Sets_Delimiter_With_One_Numeric" />
    </UnitTest>
    <UnitTest name="CanRead_PartialListTextFile2" storage="c:\users\baran.topal\documents\c#projects\xylem-exercise-barantopal\c#.net\some.routing.v1\some.routing\bin\debug\alatest.routing.dll" id="b8c39a66-25ed-7613-61cf-bf11053721b5">
      <Execution id="771a5c4c-9887-49d0-8312-d37cf52900a1" />
      <TestMethod codeBase="C:/Users/Baran.Topal/Documents/C#Projects/Xylem-Exercise-BaranTopal/C#.NET/Some.Routing.v1/Some.Routing/bin/Debug/Alatest.Routing.DLL" adapterTypeName="Microsoft.VisualStudio.TestTools.TestTypes.Unit.UnitTestAdapter, Microsoft.VisualStudio.QualityTools.Tips.UnitTest.Adapter, Version=10.0.0.0, Culture=neutral, PublicKeyToken=b03f5f7f11d50a3a" className="Routing.Test.WorkItemTest, Alatest.Routing, Version=1.0.0.0, Culture=neutral, PublicKeyToken=null" name="CanRead_PartialListTextFile2" />
    </UnitTest>
    <UnitTest name="CanRead_Path" storage="c:\users\baran.topal\documents\c#projects\xylem-exercise-barantopal\c#.net\some.routing.v1\some.routing\bin\debug\alatest.routing.dll" id="736bbebe-e627-e6f6-4084-a38f2d577388">
      <Execution id="ab2e834a-927b-4303-b328-8bc543a1f76b" />
      <TestMethod codeBase="C:/Users/Baran.Topal/Documents/C#Projects/Xylem-Exercise-BaranTopal/C#.NET/Some.Routing.v1/Some.Routing/bin/Debug/Alatest.Routing.DLL" adapterTypeName="Microsoft.VisualStudio.TestTools.TestTypes.Unit.UnitTestAdapter, Microsoft.VisualStudio.QualityTools.Tips.UnitTest.Adapter, Version=10.0.0.0, Culture=neutral, PublicKeyToken=b03f5f7f11d50a3a" className="Routing.Test.WorkItemTest, Alatest.Routing, Version=1.0.0.0, Culture=neutral, PublicKeyToken=null" name="CanRead_Path" />
    </UnitTest>
    <UnitTest name="CanRead_EmptyTextFile" storage="c:\users\baran.topal\documents\c#projects\xylem-exercise-barantopal\c#.net\some.routing.v1\some.routing\bin\debug\alatest.routing.dll" id="b134e9a1-740e-2b86-604f-45c29d704c41">
      <Execution id="798be340-62d1-4b8a-8252-562a3956e56a" />
      <TestMethod codeBase="C:/Users/Baran.Topal/Documents/C#Projects/Xylem-Exercise-BaranTopal/C#.NET/Some.Routing.v1/Some.Routing/bin/Debug/Alatest.Routing.DLL" adapterTypeName="Microsoft.VisualStudio.TestTools.TestTypes.Unit.UnitTestAdapter, Microsoft.VisualStudio.QualityTools.Tips.UnitTest.Adapter, Version=10.0.0.0, Culture=neutral, PublicKeyToken=b03f5f7f11d50a3a" className="Routing.Test.WorkItemTest, Alatest.Routing, Version=1.0.0.0, Culture=neutral, PublicKeyToken=null" name="CanRead_EmptyTextFile" />
    </UnitTest>
    <UnitTest name="Set_Prefix_With_Boundary_By_Constructor" storage="c:\users\baran.topal\documents\c#projects\xylem-exercise-barantopal\c#.net\some.routing.v1\some.routing\bin\debug\alatest.routing.dll" id="19194bfb-2edd-c193-9554-38834175cc15">
      <Execution id="1a82cc9f-fc37-461c-94e8-8e0e18dfca38" />
      <TestMethod codeBase="C:/Users/Baran.Topal/Documents/C#Projects/Xylem-Exercise-BaranTopal/C#.NET/Some.Routing.v1/Some.Routing/bin/Debug/Alatest.Routing.DLL" adapterTypeName="Microsoft.VisualStudio.TestTools.TestTypes.Unit.UnitTestAdapter, Microsoft.VisualStudio.QualityTools.Tips.UnitTest.Adapter, Version=10.0.0.0, Culture=neutral, PublicKeyToken=b03f5f7f11d50a3a" className="Routing.Test.OperatorTest, Alatest.Routing, Version=1.0.0.0, Culture=neutral, PublicKeyToken=null" name="Set_Prefix_With_Boundary_By_Constructor" />
    </UnitTest>
    <UnitTest name="WorkItem_Constructor_Sets_Two_Delimiter_With_One_Numeric1" storage="c:\users\baran.topal\documents\c#projects\xylem-exercise-barantopal\c#.net\some.routing.v1\some.routing\bin\debug\alatest.routing.dll" id="87a37819-9fe8-c328-c2bf-b03d12472e49">
      <Execution id="629130e0-e2a3-43f4-a462-a1a80320ae77" />
      <TestMethod codeBase="C:/Users/Baran.Topal/Documents/C#Projects/Xylem-Exercise-BaranTopal/C#.NET/Some.Routing.v1/Some.Routing/bin/Debug/Alatest.Routing.DLL" adapterTypeName="Microsoft.VisualStudio.TestTools.TestTypes.Unit.UnitTestAdapter, Microsoft.VisualStudio.QualityTools.Tips.UnitTest.Adapter, Version=10.0.0.0, Culture=neutral, PublicKeyToken=b03f5f7f11d50a3a" className="Routing.Test.WorkItemTest, Alatest.Routing, Version=1.0.0.0, Culture=neutral, PublicKeyToken=null" name="WorkItem_Constructor_Sets_Two_Delimiter_With_One_Numeric1" />
    </UnitTest>
  </TestDefinitions>
  <TestLists>
    <TestList name="Results Not in a List" id="8c84fa94-04c1-424b-9868-57a2d4851a1d" />
    <TestList name="All Loaded Results" id="19431567-8539-422a-85d7-44ee4e166bda" />
  </TestLists>
  <TestEntries>
    <TestEntry testId="ab1eac82-8e13-e46d-5bc0-42d3f9450e79" executionId="bc7e6b64-378e-4abe-8421-c2b5d224732e" testListId="8c84fa94-04c1-424b-9868-57a2d4851a1d" />
    <TestEntry testId="406970ca-951e-c386-b1ae-c7dca2244b11" executionId="4af66282-366a-48cc-9513-ec58f56e1ad8" testListId="8c84fa94-04c1-424b-9868-57a2d4851a1d" />
    <TestEntry testId="c3d35b1e-2277-70ed-f8bc-564f00d3c9ea" executionId="8eeab513-dd81-4b9f-9a22-cb18e5807d2a" testListId="8c84fa94-04c1-424b-9868-57a2d4851a1d" />
    <TestEntry testId="854e9205-6fa8-c676-a5fa-fff6b0dec57a" executionId="550e7788-666c-4979-8ad6-a4df5f97d50c" testListId="8c84fa94-04c1-424b-9868-57a2d4851a1d" />
    <TestEntry testId="fd258010-8ec5-fa57-f67d-af68e6163565" executionId="e23c4bbf-729a-4263-bb61-40d3d262fff0" testListId="8c84fa94-04c1-424b-9868-57a2d4851a1d" />
    <TestEntry testId="115bce02-3cca-6a89-4be1-b6bcb34d4cd3" executionId="5fa9b433-992a-42b0-94f5-ae2c75df2fc4" testListId="8c84fa94-04c1-424b-9868-57a2d4851a1d" />
    <TestEntry testId="5d8cc396-735a-14ad-e883-96db575827fa" executionId="53b737da-c0f9-42f0-b998-450fb6df7331" testListId="8c84fa94-04c1-424b-9868-57a2d4851a1d" />
    <TestEntry testId="a142240f-169b-6879-dcaf-bae49812e2d3" executionId="255c1db5-eda1-446c-8c93-74e04f4da705" testListId="8c84fa94-04c1-424b-9868-57a2d4851a1d" />
    <TestEntry testId="87a37819-9fe8-c328-c2bf-b03d12472e49" executionId="629130e0-e2a3-43f4-a462-a1a80320ae77" testListId="8c84fa94-04c1-424b-9868-57a2d4851a1d" />
    <TestEntry testId="3a1529f0-d588-88b3-d558-ede589cc3f93" executionId="bd65ccd0-03eb-4512-8211-00a67dce6d69" testListId="8c84fa94-04c1-424b-9868-57a2d4851a1d" />
    <TestEntry testId="65176b37-e1dd-d711-7e26-7ab50efbd0a0" executionId="99bab214-76a2-40f7-a6a2-8ca3c86ad344" testListId="8c84fa94-04c1-424b-9868-57a2d4851a1d" />
    <TestEntry testId="3889717e-20d4-649c-af56-dfa1979dae8b" executionId="c9c9af08-8aaa-4463-87a8-02ccfdc073ae" testListId="8c84fa94-04c1-424b-9868-57a2d4851a1d" />
    <TestEntry testId="26316a9e-9a69-5f26-f0ce-78fef82dbb05" executionId="316fd7e1-58e7-4a37-aefe-8d5774b2396d" testListId="8c84fa94-04c1-424b-9868-57a2d4851a1d" />
    <TestEntry testId="eb94a57f-86e2-9c76-61a8-f5ac3dcd1ab8" executionId="5f6c1dd8-b1c0-4a7c-9e11-10d2e5459a07" testListId="8c84fa94-04c1-424b-9868-57a2d4851a1d" />
    <TestEntry testId="5a43c837-b6f7-8a58-2ae1-3895827e6b5f" executionId="1379e66d-2ec6-4b9b-9877-4dc1704d5c8b" testListId="8c84fa94-04c1-424b-9868-57a2d4851a1d" />
    <TestEntry testId="736bbebe-e627-e6f6-4084-a38f2d577388" executionId="ab2e834a-927b-4303-b328-8bc543a1f76b" testListId="8c84fa94-04c1-424b-9868-57a2d4851a1d" />
    <TestEntry testId="c75bb26f-7971-f998-d17c-22496797a229" executionId="5c91a656-c08f-4620-8212-150bde1b86c8" testListId="8c84fa94-04c1-424b-9868-57a2d4851a1d" />
    <TestEntry testId="b8c39a66-25ed-7613-61cf-bf11053721b5" executionId="771a5c4c-9887-49d0-8312-d37cf52900a1" testListId="8c84fa94-04c1-424b-9868-57a2d4851a1d" />
    <TestEntry testId="8bf7b4c8-9b6c-2b5c-c1c3-206ac71259fc" executionId="f9abf689-961e-411b-bb01-7d9109a964ce" testListId="8c84fa94-04c1-424b-9868-57a2d4851a1d" />
    <TestEntry testId="4f8c5f17-314d-948f-0284-369b9bbf876b" executionId="ebe719b9-5718-47b2-97fd-ce8d51b65731" testListId="8c84fa94-04c1-424b-9868-57a2d4851a1d" />
    <TestEntry testId="b134e9a1-740e-2b86-604f-45c29d704c41" executionId="798be340-62d1-4b8a-8252-562a3956e56a" testListId="8c84fa94-04c1-424b-9868-57a2d4851a1d" />
    <TestEntry testId="42695eaf-d159-db18-bac5-76cfa07cc903" executionId="177f4a06-4b7a-4d13-9bab-c51416d1edda" testListId="8c84fa94-04c1-424b-9868-57a2d4851a1d" />
    <TestEntry testId="fb8c88ff-8ff6-ae39-8e37-df64873d2ce5" executionId="dcc1bd32-900f-4f72-895d-ed86f978bf06" testListId="8c84fa94-04c1-424b-9868-57a2d4851a1d" />
    <TestEntry testId="8ab84981-3b3a-eaea-7820-8097e782bd0d" executionId="3ec5945d-1d75-4903-a54a-de429740560f" testListId="8c84fa94-04c1-424b-9868-57a2d4851a1d" />
    <TestEntry testId="3dcabc99-b46a-1040-eaec-65f0e985eb42" executionId="a61ed6bd-f660-4a0e-93fa-1ac70ee02c62" testListId="8c84fa94-04c1-424b-9868-57a2d4851a1d" />
    <TestEntry testId="6cf6d9ad-0b4b-f96b-04b3-595c7550f530" executionId="fdeabcd0-5a35-48e5-a23c-d947d945d782" testListId="8c84fa94-04c1-424b-9868-57a2d4851a1d" />
    <TestEntry testId="13f5ea85-3c92-4c79-13c8-02df37581306" executionId="75d9f3a6-adbc-4a59-a146-a5a85edc588c" testListId="8c84fa94-04c1-424b-9868-57a2d4851a1d" />
    <TestEntry testId="028e5c0a-d10d-dc40-4be8-b8fb4a57d4c6" executionId="19585d55-70cc-4faf-8e50-13d6457a2500" testListId="8c84fa94-04c1-424b-9868-57a2d4851a1d" />
    <TestEntry testId="8033b327-910e-30ec-de2b-20e995f8df96" executionId="75697a83-7256-43a3-bc07-f627d9210937" testListId="8c84fa94-04c1-424b-9868-57a2d4851a1d" />
    <TestEntry testId="86aeb78a-8e8e-c8ca-8cdb-577121c05131" executionId="868a6b74-3e91-4b20-82b5-65cf394cde69" testListId="8c84fa94-04c1-424b-9868-57a2d4851a1d" />
    <TestEntry testId="fa4811cf-e879-dcac-0463-577396cf7190" executionId="8bea408f-e829-49f5-ba1f-9493e56a306b" testListId="8c84fa94-04c1-424b-9868-57a2d4851a1d" />
    <TestEntry testId="bd878030-fd7e-9dee-6362-2cb5df5a7627" executionId="e75c27b0-a495-4706-bc5a-b55e0eac683b" testListId="8c84fa94-04c1-424b-9868-57a2d4851a1d" />
    <TestEntry testId="d76f6886-5838-e958-30c4-1036540597fb" executionId="31259e8d-760c-49d8-b1ca-adb0daeeb9ad" testListId="8c84fa94-04c1-424b-9868-57a2d4851a1d" />
    <TestEntry testId="7db65c9b-0bde-61e8-c41b-81a49deede45" executionId="9ea5ec08-0e67-4150-a5b8-70e5de02278f" testListId="8c84fa94-04c1-424b-9868-57a2d4851a1d" />
    <TestEntry testId="05851dfc-e26b-9336-e231-f75a491906f8" executionId="9a339062-d29a-4472-8c4b-039a46979972" testListId="8c84fa94-04c1-424b-9868-57a2d4851a1d" />
    <TestEntry testId="2c46a7de-9ef3-8602-a886-59565de1e5d1" executionId="d279bf45-99e6-4536-993d-1700afb85ec3" testListId="8c84fa94-04c1-424b-9868-57a2d4851a1d" />
    <TestEntry testId="6ccf92d2-a060-1761-27ed-90635de7f638" executionId="03496da6-0ebe-4460-af42-b288b7ccf17c" testListId="8c84fa94-04c1-424b-9868-57a2d4851a1d" />
    <TestEntry testId="b11d1653-7c5d-b5b6-08ca-6a09ac659e6b" executionId="48d71b1c-870c-4f45-a32f-7a489b1a7394" testListId="8c84fa94-04c1-424b-9868-57a2d4851a1d" />
    <TestEntry testId="c25c1549-d480-1359-d207-db88be7299b8" executionId="4865b386-b578-411f-8627-f6eb8b2ecb79" testListId="8c84fa94-04c1-424b-9868-57a2d4851a1d" />
    <TestEntry testId="6f87abf3-d8e6-af81-7874-eea8e42101f5" executionId="597ebd1d-2ed5-4775-b194-e2ba35765eaa" testListId="8c84fa94-04c1-424b-9868-57a2d4851a1d" />
    <TestEntry testId="063561d7-aa97-89a6-34d5-7abd6d1d457d" executionId="4d2db88c-da92-49ec-84cb-a2814721cab2" testListId="8c84fa94-04c1-424b-9868-57a2d4851a1d" />
    <TestEntry testId="34a7a836-2370-16cf-9d7e-c089260fd84a" executionId="f297f48f-c0c6-4848-9b3a-ba01f02e2b7a" testListId="8c84fa94-04c1-424b-9868-57a2d4851a1d" />
    <TestEntry testId="b68f3b94-ecad-5e30-a39c-3503bddd880e" executionId="1692947f-456e-4338-969b-b4fb29e5b2e9" testListId="8c84fa94-04c1-424b-9868-57a2d4851a1d" />
    <TestEntry testId="61581723-8f7e-9df2-5454-63bfc573f2ed" executionId="45eb4557-61ea-47b0-a58f-945d0aeec9cc" testListId="8c84fa94-04c1-424b-9868-57a2d4851a1d" />
    <TestEntry testId="58cb2fac-b69c-034b-5e66-ce74d6b1ebc9" executionId="8d9157d6-4d97-41ae-8be2-30cdd4550252" testListId="8c84fa94-04c1-424b-9868-57a2d4851a1d" />
    <TestEntry testId="6cddf26c-8d34-8ef3-632e-343b72effef5" executionId="d6184f6b-3d6b-4719-b866-442b2d9ee2d3" testListId="8c84fa94-04c1-424b-9868-57a2d4851a1d" />
    <TestEntry testId="a379b317-a5bd-1a86-5945-2c18e3b99109" executionId="4ee3a2c9-d844-437b-bcfa-b7e9144ab5eb" testListId="8c84fa94-04c1-424b-9868-57a2d4851a1d" />
    <TestEntry testId="e6878a51-bb05-09ef-4dbd-05539b8fc274" executionId="21420868-fe9f-47e0-8078-1a23ab25e4e5" testListId="8c84fa94-04c1-424b-9868-57a2d4851a1d" />
    <TestEntry testId="50a38fe8-d4e4-dec7-2274-38aa967408bd" executionId="914d35a7-7670-4ee2-a1d3-029f3826bb0a" testListId="8c84fa94-04c1-424b-9868-57a2d4851a1d" />
    <TestEntry testId="41de26a4-2629-80f3-c59e-967c40264034" executionId="9e994ac0-a135-4d9c-a09f-62555476f52b" testListId="8c84fa94-04c1-424b-9868-57a2d4851a1d" />
    <TestEntry testId="03581d7c-f453-8b1e-3c1c-4bb017a90a17" executionId="1d50d9bd-f32a-4900-8e19-d677d3e6997e" testListId="8c84fa94-04c1-424b-9868-57a2d4851a1d" />
    <TestEntry testId="fec123b8-cc77-768a-fa3f-9fe0924b6f49" executionId="0f1fdf26-5986-4470-ad88-c2bd41a36587" testListId="8c84fa94-04c1-424b-9868-57a2d4851a1d" />
    <TestEntry testId="8b9d0900-c4a8-91db-73a9-a891935e1b97" executionId="cbd19202-6c5b-420a-9c79-31ffa8684ed8" testListId="8c84fa94-04c1-424b-9868-57a2d4851a1d" />
    <TestEntry testId="f296844d-e75d-5e52-8f07-2d9da6b8f871" executionId="a4877b87-53bc-4954-9077-c43b28484475" testListId="8c84fa94-04c1-424b-9868-57a2d4851a1d" />
    <TestEntry testId="19194bfb-2edd-c193-9554-38834175cc15" executionId="1a82cc9f-fc37-461c-94e8-8e0e18dfca38" testListId="8c84fa94-04c1-424b-9868-57a2d4851a1d" />
    <TestEntry testId="93620807-0cc0-66f7-ff97-5454076e98d1" executionId="20616afb-061d-41cf-842e-1bd275ee2be9" testListId="8c84fa94-04c1-424b-9868-57a2d4851a1d" />
  </TestEntries>
  <Results>
    <UnitTestResult executionId="bc7e6b64-378e-4abe-8421-c2b5d224732e" testId="ab1eac82-8e13-e46d-5bc0-42d3f9450e79" testName="WorkItem_Constructor_Sets_Empty" computerName="PC900" duration="00:00:00.0325625" startTime="2017-06-29T20:31:37.4671911+02:00" endTime="2017-06-29T20:31:38.1550309+02:00" testType="13cdc9d9-ddb5-4fa4-a97d-d965ccfc6d4b" outcome="Passed" testListId="8c84fa94-04c1-424b-9868-57a2d4851a1d" relativeResultsDirectory="bc7e6b64-378e-4abe-8421-c2b5d224732e">
    </UnitTestResult>
    <UnitTestResult executionId="4af66282-366a-48cc-9513-ec58f56e1ad8" testId="406970ca-951e-c386-b1ae-c7dca2244b11" testName="WorkItem_Constructor_Sets_One_Alpha" computerName="PC900" duration="00:00:00.0008710" startTime="2017-06-29T20:31:38.1600444+02:00" endTime="2017-06-29T20:31:38.1670629+02:00" testType="13cdc9d9-ddb5-4fa4-a97d-d965ccfc6d4b" outcome="Passed" testListId="8c84fa94-04c1-424b-9868-57a2d4851a1d" relativeResultsDirectory="4af66282-366a-48cc-9513-ec58f56e1ad8">
    </UnitTestResult>
    <UnitTestResult executionId="8eeab513-dd81-4b9f-9a22-cb18e5807d2a" testId="c3d35b1e-2277-70ed-f8bc-564f00d3c9ea" testName="WorkItem_Constructor_Sets_One_Numeric" computerName="PC900" duration="00:00:00.0001676" startTime="2017-06-29T20:31:38.1695697+02:00" endTime="2017-06-29T20:31:38.1760878+02:00" testType="13cdc9d9-ddb5-4fa4-a97d-d965ccfc6d4b" outcome="Passed" testListId="8c84fa94-04c1-424b-9868-57a2d4851a1d" relativeResultsDirectory="8eeab513-dd81-4b9f-9a22-cb18e5807d2a">
    </UnitTestResult>
    <UnitTestResult executionId="550e7788-666c-4979-8ad6-a4df5f97d50c" testId="854e9205-6fa8-c676-a5fa-fff6b0dec57a" testName="WorkItem_Constructor_Sets_One_Delimiter" computerName="PC900" duration="00:00:00.0001461" startTime="2017-06-29T20:31:38.1795959+02:00" endTime="2017-06-29T20:31:38.1876177+02:00" testType="13cdc9d9-ddb5-4fa4-a97d-d965ccfc6d4b" outcome="Passed" testListId="8c84fa94-04c1-424b-9868-57a2d4851a1d" relativeResultsDirectory="550e7788-666c-4979-8ad6-a4df5f97d50c">
    </UnitTestResult>
    <UnitTestResult executionId="e23c4bbf-729a-4263-bb61-40d3d262fff0" testId="fd258010-8ec5-fa57-f67d-af68e6163565" testName="WorkItem_Constructor_Sets_Two_Delimiters1" computerName="PC900" duration="00:00:00.0003296" startTime="2017-06-29T20:31:38.1896234+02:00" endTime="2017-06-29T20:31:38.1981454+02:00" testType="13cdc9d9-ddb5-4fa4-a97d-d965ccfc6d4b" outcome="Passed" testListId="8c84fa94-04c1-424b-9868-57a2d4851a1d" relativeResultsDirectory="e23c4bbf-729a-4263-bb61-40d3d262fff0">
    </UnitTestResult>
    <UnitTestResult executionId="5fa9b433-992a-42b0-94f5-ae2c75df2fc4" testId="115bce02-3cca-6a89-4be1-b6bcb34d4cd3" testName="WorkItem_Constructor_Sets_Two_Delimiters2" computerName="PC900" duration="00:00:00.0004882" startTime="2017-06-29T20:31:38.2026575+02:00" endTime="2017-06-29T20:31:38.2121831+02:00" testType="13cdc9d9-ddb5-4fa4-a97d-d965ccfc6d4b" outcome="Passed" testListId="8c84fa94-04c1-424b-9868-57a2d4851a1d" relativeResultsDirectory="5fa9b433-992a-42b0-94f5-ae2c75df2fc4">
    </UnitTestResult>
    <UnitTestResult executionId="53b737da-c0f9-42f0-b998-450fb6df7331" testId="5d8cc396-735a-14ad-e883-96db575827fa" testName="WorkItem_Constructor_Sets_Two_Delimiters_Diff" computerName="PC900" duration="00:00:00.0003201" startTime="2017-06-29T20:31:38.2176973+02:00" endTime="2017-06-29T20:31:38.2247278+02:00" testType="13cdc9d9-ddb5-4fa4-a97d-d965ccfc6d4b" outcome="Passed" testListId="8c84fa94-04c1-424b-9868-57a2d4851a1d" relativeResultsDirectory="53b737da-c0f9-42f0-b998-450fb6df7331">
    </UnitTestResult>
    <UnitTestResult executionId="255c1db5-eda1-446c-8c93-74e04f4da705" testId="a142240f-169b-6879-dcaf-bae49812e2d3" testName="WorkItem_Constructor_Sets_Delimiter_With_One_Numeric" computerName="PC900" duration="00:00:00.0001582" startTime="2017-06-29T20:31:38.2282257+02:00" endTime="2017-06-29T20:31:38.2362610+02:00" testType="13cdc9d9-ddb5-4fa4-a97d-d965ccfc6d4b" outcome="Passed" testListId="8c84fa94-04c1-424b-9868-57a2d4851a1d" relativeResultsDirectory="255c1db5-eda1-446c-8c93-74e04f4da705">
    </UnitTestResult>
    <UnitTestResult executionId="629130e0-e2a3-43f4-a462-a1a80320ae77" testId="87a37819-9fe8-c328-c2bf-b03d12472e49" testName="WorkItem_Constructor_Sets_Two_Delimiter_With_One_Numeric1" computerName="PC900" duration="00:00:00.0001419" startTime="2017-06-29T20:31:38.2377514+02:00" endTime="2017-06-29T20:31:38.2442684+02:00" testType="13cdc9d9-ddb5-4fa4-a97d-d965ccfc6d4b" outcome="Passed" testListId="8c84fa94-04c1-424b-9868-57a2d4851a1d" relativeResultsDirectory="629130e0-e2a3-43f4-a462-a1a80320ae77">
    </UnitTestResult>
    <UnitTestResult executionId="bd65ccd0-03eb-4512-8211-00a67dce6d69" testId="3a1529f0-d588-88b3-d558-ede589cc3f93" testName="WorkItem_Constructor_Sets_Two_Delimiter_With_One_Numeric2" computerName="PC900" duration="00:00:00.0001446" startTime="2017-06-29T20:31:38.2477776+02:00" endTime="2017-06-29T20:31:38.2532918+02:00" testType="13cdc9d9-ddb5-4fa4-a97d-d965ccfc6d4b" outcome="Passed" testListId="8c84fa94-04c1-424b-9868-57a2d4851a1d" relativeResultsDirectory="bd65ccd0-03eb-4512-8211-00a67dce6d69">
    </UnitTestResult>
    <UnitTestResult executionId="99bab214-76a2-40f7-a6a2-8ca3c86ad344" testId="65176b37-e1dd-d711-7e26-7ab50efbd0a0" testName="WorkItem_Constructor_Sets_Two_Delimiter_With_One_Numeric3" computerName="PC900" duration="00:00:00.0001623" startTime="2017-06-29T20:31:38.2563000+02:00" endTime="2017-06-29T20:31:38.2628175+02:00" testType="13cdc9d9-ddb5-4fa4-a97d-d965ccfc6d4b" outcome="Passed" testListId="8c84fa94-04c1-424b-9868-57a2d4851a1d" relativeResultsDirectory="99bab214-76a2-40f7-a6a2-8ca3c86ad344">
    </UnitTestResult>
    <UnitTestResult executionId="c9c9af08-8aaa-4463-87a8-02ccfdc073ae" testId="3889717e-20d4-649c-af56-dfa1979dae8b" testName="WorkItem_Constructor_Sets_Delimiter_Two_Numerics" computerName="PC900" duration="00:00:00.0001831" startTime="2017-06-29T20:31:38.2658256+02:00" endTime="2017-06-29T20:31:38.2718416+02:00" testType="13cdc9d9-ddb5-4fa4-a97d-d965ccfc6d4b" outcome="Passed" testListId="8c84fa94-04c1-424b-9868-57a2d4851a1d" relativeResultsDirectory="c9c9af08-8aaa-4463-87a8-02ccfdc073ae">
    </UnitTestResult>
    <UnitTestResult executionId="316fd7e1-58e7-4a37-aefe-8d5774b2396d" testId="26316a9e-9a69-5f26-f0ce-78fef82dbb05" testName="WorkItem_Constructor_Sets_Two_Delims_Two_Numerics1" computerName="PC900" duration="00:00:00.0001442" startTime="2017-06-29T20:31:38.2748495+02:00" endTime="2017-06-29T20:31:38.2803644+02:00" testType="13cdc9d9-ddb5-4fa4-a97d-d965ccfc6d4b" outcome="Passed" testListId="8c84fa94-04c1-424b-9868-57a2d4851a1d" relativeResultsDirectory="316fd7e1-58e7-4a37-aefe-8d5774b2396d">
    </UnitTestResult>
    <UnitTestResult executionId="5f6c1dd8-b1c0-4a7c-9e11-10d2e5459a07" testId="eb94a57f-86e2-9c76-61a8-f5ac3dcd1ab8" testName="WorkItem_Constructor_Sets_Two_Delims_Two_Numerics2" computerName="PC900" duration="00:00:00.0001578" startTime="2017-06-29T20:31:38.2838736+02:00" endTime="2017-06-29T20:31:38.2893882+02:00" testType="13cdc9d9-ddb5-4fa4-a97d-d965ccfc6d4b" outcome="Passed" testListId="8c84fa94-04c1-424b-9868-57a2d4851a1d" relativeResultsDirectory="5f6c1dd8-b1c0-4a7c-9e11-10d2e5459a07">
    </UnitTestResult>
    <UnitTestResult executionId="1379e66d-2ec6-4b9b-9877-4dc1704d5c8b" testId="5a43c837-b6f7-8a58-2ae1-3895827e6b5f" testName="WorkItem_Constructor_Sets_Two_Delims_Two_Numerics3" computerName="PC900" duration="00:00:00.0001574" startTime="2017-06-29T20:31:38.2918946+02:00" endTime="2017-06-29T20:31:38.2974099+02:00" testType="13cdc9d9-ddb5-4fa4-a97d-d965ccfc6d4b" outcome="Passed" testListId="8c84fa94-04c1-424b-9868-57a2d4851a1d" relativeResultsDirectory="1379e66d-2ec6-4b9b-9877-4dc1704d5c8b">
    </UnitTestResult>
    <UnitTestResult executionId="ab2e834a-927b-4303-b328-8bc543a1f76b" testId="736bbebe-e627-e6f6-4084-a38f2d577388" testName="CanRead_Path" computerName="PC900" duration="00:00:00.0042719" startTime="2017-06-29T20:31:38.2999159+02:00" endTime="2017-06-29T20:31:38.3094412+02:00" testType="13cdc9d9-ddb5-4fa4-a97d-d965ccfc6d4b" outcome="Passed" testListId="8c84fa94-04c1-424b-9868-57a2d4851a1d" relativeResultsDirectory="ab2e834a-927b-4303-b328-8bc543a1f76b">
      <Output>
        <StdOut>The search found execution takes for 3,2683 milliseconds</StdOut>
      </Output>
    </UnitTestResult>
    <UnitTestResult executionId="5c91a656-c08f-4620-8212-150bde1b86c8" testId="c75bb26f-7971-f998-d17c-22496797a229" testName="CanRead_PartialListTextFile1" computerName="PC900" duration="00:00:00.0396263" startTime="2017-06-29T20:31:38.3124501+02:00" endTime="2017-06-29T20:31:38.3575699+02:00" testType="13cdc9d9-ddb5-4fa4-a97d-d965ccfc6d4b" outcome="Failed" testListId="8c84fa94-04c1-424b-9868-57a2d4851a1d" relativeResultsDirectory="5c91a656-c08f-4620-8212-150bde1b86c8">
      <Output>
        <ErrorInfo>
          <Message>Test method Routing.Test.WorkItemTest.CanRead_PartialListTextFile1 threw exception: 
System.IO.DirectoryNotFoundException: Could not find a part of the path 'C:\Users\Baran.Topal\Documents\C#Projects\Xylem-Exercise-BaranTopal\C#.NET\Some.Routing.v1\Xylem.Routing\TestFiles\PartialList1.txt'.</Message>
          <StackTrace>    at System.IO.__Error.WinIOError(Int32 errorCode, String maybeFullPath)
[...]
   at System.IO.StreamReader..ctor(String path, Encoding encoding, Boolean detectEncodingFromByteOrderMarks, Int32 bufferSize, Boolean checkHost)
   at System.IO.StreamReader..ctor(String path)
   at Routing.Entity.WorkItem.Read(String filePath) in C:\Users\Baran.Topal\Documents\C#Projects\Xylem-Exercise-BaranTopal\C#.NET\Some.Routing.v1\Routing.Entity\WorkItem.cs:line 67
   at Routing.Test.WorkItemTest.CannotRead_Gibberish() in C:\Users\Baran.Topal\Documents\C#Projects\Xylem-Exercise-BaranTopal\C#.NET\Some.Routing.v1\Some.Routing\WorkItemTest.cs:line 505
</StackTrace>
        </ErrorInfo>
      </Output>
    </UnitTestResult>
    <UnitTestResult executionId="dcc1bd32-900f-4f72-895d-ed86f978bf06" testId="fb8c88ff-8ff6-ae39-8e37-df64873d2ce5" testName="CanJoin_Empty" computerName="PC900" duration="00:00:00.0002941" startTime="2017-06-29T20:31:38.4207377+02:00" endTime="2017-06-29T20:31:38.4267881+02:00" testType="13cdc9d9-ddb5-4fa4-a97d-d965ccfc6d4b" outcome="Passed" testListId="8c84fa94-04c1-424b-9868-57a2d4851a1d" relativeResultsDirectory="dcc1bd32-900f-4f72-895d-ed86f978bf06">
    </UnitTestResult>
    <UnitTestResult executionId="3ec5945d-1d75-4903-a54a-de429740560f" testId="8ab84981-3b3a-eaea-7820-8097e782bd0d" testName="CanJoin_OneAlpha" computerName="PC900" duration="00:00:00.0001706" startTime="2017-06-29T20:31:38.4292601+02:00" endTime="2017-06-29T20:31:38.4347830+02:00" testType="13cdc9d9-ddb5-4fa4-a97d-d965ccfc6d4b" outcome="Passed" testListId="8c84fa94-04c1-424b-9868-57a2d4851a1d" relativeResultsDirectory="3ec5945d-1d75-4903-a54a-de429740560f">
    </UnitTestResult>
    <UnitTestResult executionId="a61ed6bd-f660-4a0e-93fa-1ac70ee02c62" testId="3dcabc99-b46a-1040-eaec-65f0e985eb42" testName="CanJoin_OneDelim" computerName="PC900" duration="00:00:00.0002088" startTime="2017-06-29T20:31:38.4372814+02:00" endTime="2017-06-29T20:31:38.4427971+02:00" testType="13cdc9d9-ddb5-4fa4-a97d-d965ccfc6d4b" outcome="Passed" testListId="8c84fa94-04c1-424b-9868-57a2d4851a1d" relativeResultsDirectory="a61ed6bd-f660-4a0e-93fa-1ac70ee02c62">
    </UnitTestResult>
    <UnitTestResult executionId="fdeabcd0-5a35-48e5-a23c-d947d945d782" testId="6cf6d9ad-0b4b-f96b-04b3-595c7550f530" testName="CanJoin_OneDelimOneAlpha" computerName="PC900" duration="00:00:00.0001755" startTime="2017-06-29T20:31:38.4458053+02:00" endTime="2017-06-29T20:31:38.4508177+02:00" testType="13cdc9d9-ddb5-4fa4-a97d-d965ccfc6d4b" outcome="Passed" testListId="8c84fa94-04c1-424b-9868-57a2d4851a1d" relativeResultsDirectory="fdeabcd0-5a35-48e5-a23c-d947d945d782">
    </UnitTestResult>
    <UnitTestResult executionId="75d9f3a6-adbc-4a59-a146-a5a85edc588c" testId="13f5ea85-3c92-4c79-13c8-02df37581306" testName="CanJoin_OneNumeric" computerName="PC900" duration="00:00:00.0001842" startTime="2017-06-29T20:31:38.4538266+02:00" endTime="2017-06-29T20:31:38.4593397+02:00" testType="13cdc9d9-ddb5-4fa4-a97d-d965ccfc6d4b" outcome="Passed" testListId="8c84fa94-04c1-424b-9868-57a2d4851a1d" relativeResultsDirectory="75d9f3a6-adbc-4a59-a146-a5a85edc588c">
    </UnitTestResult>
    <UnitTestResult executionId="19585d55-70cc-4faf-8e50-13d6457a2500" testId="028e5c0a-d10d-dc40-4be8-b8fb4a57d4c6" testName="CanJoin_OneDelimOneNumeric" computerName="PC900" duration="00:00:00.0001903" startTime="2017-06-29T20:31:38.4618468+02:00" endTime="2017-06-29T20:31:38.4668604+02:00" testType="13cdc9d9-ddb5-4fa4-a97d-d965ccfc6d4b" outcome="Passed" testListId="8c84fa94-04c1-424b-9868-57a2d4851a1d" relativeResultsDirectory="19585d55-70cc-4faf-8e50-13d6457a2500">
    </UnitTestResult>
    <UnitTestResult executionId="75697a83-7256-43a3-bc07-f627d9210937" testId="8033b327-910e-30ec-de2b-20e995f8df96" testName="CanJoin_OneDelimTwoNumeric" computerName="PC900" duration="00:00:00.0002001" startTime="2017-06-29T20:31:38.4698686+02:00" endTime="2017-06-29T20:31:38.4753827+02:00" testType="13cdc9d9-ddb5-4fa4-a97d-d965ccfc6d4b" outcome="Passed" testListId="8c84fa94-04c1-424b-9868-57a2d4851a1d" relativeResultsDirectory="75697a83-7256-43a3-bc07-f627d9210937">
    </UnitTestResult>
    <UnitTestResult executionId="868a6b74-3e91-4b20-82b5-65cf394cde69" testId="86aeb78a-8e8e-c8ca-8cdb-577121c05131" testName="CanJoin_TwoNumeric" computerName="PC900" duration="00:00:00.0001438" startTime="2017-06-29T20:31:38.4778895+02:00" endTime="2017-06-29T20:31:38.4829030+02:00" testType="13cdc9d9-ddb5-4fa4-a97d-d965ccfc6d4b" outcome="Passed" testListId="8c84fa94-04c1-424b-9868-57a2d4851a1d" relativeResultsDirectory="868a6b74-3e91-4b20-82b5-65cf394cde69">
    </UnitTestResult>
    <UnitTestResult executionId="8bea408f-e829-49f5-ba1f-9493e56a306b" testId="fa4811cf-e879-dcac-0463-577396cf7190" testName="CanJoin_TwoDelims_OneNumeric" computerName="PC900" duration="00:00:00.0001548" startTime="2017-06-29T20:31:38.4869137+02:00" endTime="2017-06-29T20:31:38.4919265+02:00" testType="13cdc9d9-ddb5-4fa4-a97d-d965ccfc6d4b" outcome="Passed" testListId="8c84fa94-04c1-424b-9868-57a2d4851a1d" relativeResultsDirectory="8bea408f-e829-49f5-ba1f-9493e56a306b">
    </UnitTestResult>
    <UnitTestResult executionId="e75c27b0-a495-4706-bc5a-b55e0eac683b" testId="bd878030-fd7e-9dee-6362-2cb5df5a7627" testName="CannotJoin_NonAlpha" computerName="PC900" duration="00:00:00.0001495" startTime="2017-06-29T20:31:38.4944332+02:00" endTime="2017-06-29T20:31:38.5004492+02:00" testType="13cdc9d9-ddb5-4fa4-a97d-d965ccfc6d4b" outcome="Passed" testListId="8c84fa94-04c1-424b-9868-57a2d4851a1d" relativeResultsDirectory="e75c27b0-a495-4706-bc5a-b55e0eac683b">
    </UnitTestResult>
    <UnitTestResult executionId="31259e8d-760c-49d8-b1ca-adb0daeeb9ad" testId="d76f6886-5838-e958-30c4-1036540597fb" testName="CanGetOccurence_Empty1" computerName="PC900" duration="00:00:00.0005984" startTime="2017-06-29T20:31:38.5034574+02:00" endTime="2017-06-29T20:31:38.5094730+02:00" testType="13cdc9d9-ddb5-4fa4-a97d-d965ccfc6d4b" outcome="Passed" testListId="8c84fa94-04c1-424b-9868-57a2d4851a1d" relativeResultsDirectory="31259e8d-760c-49d8-b1ca-adb0daeeb9ad">
      <Output>
        <StdOut>The search found execution takes for 0,2571 milliseconds</StdOut>
      </Output>
    </UnitTestResult>
    <UnitTestResult executionId="9ea5ec08-0e67-4150-a5b8-70e5de02278f" testId="7db65c9b-0bde-61e8-c41b-81a49deede45" testName="CanGetOccurence_Empty2" computerName="PC900" duration="00:00:00.0003994" startTime="2017-06-29T20:31:38.5119802+02:00" endTime="2017-06-29T20:31:38.5184972+02:00" testType="13cdc9d9-ddb5-4fa4-a97d-d965ccfc6d4b" outcome="Passed" testListId="8c84fa94-04c1-424b-9868-57a2d4851a1d" relativeResultsDirectory="9ea5ec08-0e67-4150-a5b8-70e5de02278f">
      <Output>
        <StdOut>The search found execution takes for 0,0033 milliseconds</StdOut>
      </Output>
    </UnitTestResult>
    <UnitTestResult executionId="9a339062-d29a-4472-8c4b-039a46979972" testId="05851dfc-e26b-9336-e231-f75a491906f8" testName="CanGetOccurence_AlphaZeroMatch" computerName="PC900" duration="00:00:00.0002952" startTime="2017-06-29T20:31:38.5215054+02:00" endTime="2017-06-29T20:31:38.5275214+02:00" testType="13cdc9d9-ddb5-4fa4-a97d-d965ccfc6d4b" outcome="Passed" testListId="8c84fa94-04c1-424b-9868-57a2d4851a1d" relativeResultsDirectory="9a339062-d29a-4472-8c4b-039a46979972">
      <Output>
        <StdOut>The search found execution takes for 0,0003 milliseconds</StdOut>
      </Output>
    </UnitTestResult>
    <UnitTestResult executionId="d279bf45-99e6-4536-993d-1700afb85ec3" testId="2c46a7de-9ef3-8602-a886-59565de1e5d1" testName="CanGetOccurence_AlphaOneMatch" computerName="PC900" duration="00:00:00.0002862" startTime="2017-06-29T20:31:38.5310306+02:00" endTime="2017-06-29T20:31:38.5375481+02:00" testType="13cdc9d9-ddb5-4fa4-a97d-d965ccfc6d4b" outcome="Passed" testListId="8c84fa94-04c1-424b-9868-57a2d4851a1d" relativeResultsDirectory="d279bf45-99e6-4536-993d-1700afb85ec3">
      <Output>
        <StdOut>The search found execution takes for 0,006 milliseconds</StdOut>
      </Output>
    </UnitTestResult>
    <UnitTestResult executionId="03496da6-0ebe-4460-af42-b288b7ccf17c" testId="6ccf92d2-a060-1761-27ed-90635de7f638" testName="CanGetOccurence_NoMatchAtAll1" computerName="PC900" duration="00:00:00.0002703" startTime="2017-06-29T20:31:38.5405563+02:00" endTime="2017-06-29T20:31:38.5470733+02:00" testType="13cdc9d9-ddb5-4fa4-a97d-d965ccfc6d4b" outcome="Passed" testListId="8c84fa94-04c1-424b-9868-57a2d4851a1d" relativeResultsDirectory="03496da6-0ebe-4460-af42-b288b7ccf17c">
      <Output>
        <StdOut>The search found execution takes for 0,0011 milliseconds</StdOut>
      </Output>
    </UnitTestResult>
    <UnitTestResult executionId="48d71b1c-870c-4f45-a32f-7a489b1a7394" testId="b11d1653-7c5d-b5b6-08ca-6a09ac659e6b" testName="CanGetOccurence_NoMatchAtAll2" computerName="PC900" duration="00:00:00.0003390" startTime="2017-06-29T20:31:38.5500815+02:00" endTime="2017-06-29T20:31:38.5571004+02:00" testType="13cdc9d9-ddb5-4fa4-a97d-d965ccfc6d4b" outcome="Passed" testListId="8c84fa94-04c1-424b-9868-57a2d4851a1d" relativeResultsDirectory="48d71b1c-870c-4f45-a32f-7a489b1a7394">
      <Output>
        <StdOut>The search found execution takes for 0,0011 milliseconds</StdOut>
      </Output>
    </UnitTestResult>
    <UnitTestResult executionId="4865b386-b578-411f-8627-f6eb8b2ecb79" testId="c25c1549-d480-1359-d207-db88be7299b8" testName="CanGetOccurence_PartialMatch_Discard" computerName="PC900" duration="00:00:00.0003115" startTime="2017-06-29T20:31:38.5596067+02:00" endTime="2017-06-29T20:31:38.5661242+02:00" testType="13cdc9d9-ddb5-4fa4-a97d-d965ccfc6d4b" outcome="Passed" testListId="8c84fa94-04c1-424b-9868-57a2d4851a1d" relativeResultsDirectory="4865b386-b578-411f-8627-f6eb8b2ecb79">
      <Output>
        <StdOut>The search found execution takes for 0,0011 milliseconds</StdOut>
      </Output>
    </UnitTestResult>
    <UnitTestResult executionId="597ebd1d-2ed5-4775-b194-e2ba35765eaa" testId="6f87abf3-d8e6-af81-7874-eea8e42101f5" testName="CanGetOccurence_Perfect_Match" computerName="PC900" duration="00:00:00.0004534" startTime="2017-06-29T20:31:38.5691339+02:00" endTime="2017-06-29T20:31:38.5761508+02:00" testType="13cdc9d9-ddb5-4fa4-a97d-d965ccfc6d4b" outcome="Passed" testListId="8c84fa94-04c1-424b-9868-57a2d4851a1d" relativeResultsDirectory="597ebd1d-2ed5-4775-b194-e2ba35765eaa">
      <Output>
        <StdOut>The search found execution takes for 0,0015 milliseconds</StdOut>
      </Output>
    </UnitTestResult>
    <UnitTestResult executionId="4d2db88c-da92-49ec-84cb-a2814721cab2" testId="063561d7-aa97-89a6-34d5-7abd6d1d457d" testName="CanGetOccurence_Perfect_Match_Long_Limit" computerName="PC900" duration="00:00:00.0004251" startTime="2017-06-29T20:31:38.5791590+02:00" endTime="2017-06-29T20:31:38.5856761+02:00" testType="13cdc9d9-ddb5-4fa4-a97d-d965ccfc6d4b" outcome="Passed" testListId="8c84fa94-04c1-424b-9868-57a2d4851a1d" relativeResultsDirectory="4d2db88c-da92-49ec-84cb-a2814721cab2">
      <Output>
        <StdOut>The search found execution takes for 0,0011 milliseconds</StdOut>
      </Output>
    </UnitTestResult>
    <UnitTestResult executionId="f297f48f-c0c6-4848-9b3a-ba01f02e2b7a" testId="34a7a836-2370-16cf-9d7e-c089260fd84a" testName="CanGetOccurence_ExampleData" computerName="PC900" duration="00:00:00.0003186" startTime="2017-06-29T20:31:38.5886846+02:00" endTime="2017-06-29T20:31:38.5952013+02:00" testType="13cdc9d9-ddb5-4fa4-a97d-d965ccfc6d4b" outcome="Passed" testListId="8c84fa94-04c1-424b-9868-57a2d4851a1d" relativeResultsDirectory="f297f48f-c0c6-4848-9b3a-ba01f02e2b7a">
      <Output>
        <StdOut>The search found execution takes for 0,0015 milliseconds</StdOut>
      </Output>
    </UnitTestResult>
    <UnitTestResult executionId="1692947f-456e-4338-969b-b4fb29e5b2e9" testId="b68f3b94-ecad-5e30-a39c-3503bddd880e" testName="CanGetOccurence_MultiMatch" computerName="PC900" duration="00:00:00.0009341" startTime="2017-06-29T20:31:38.5987109+02:00" endTime="2017-06-29T20:31:38.6057309+02:00" testType="13cdc9d9-ddb5-4fa4-a97d-d965ccfc6d4b" outcome="Passed" testListId="8c84fa94-04c1-424b-9868-57a2d4851a1d" relativeResultsDirectory="1692947f-456e-4338-969b-b4fb29e5b2e9">
      <Output>
        <StdOut>The search found execution takes for 0,0041 milliseconds</StdOut>
      </Output>
    </UnitTestResult>
    <UnitTestResult executionId="45eb4557-61ea-47b0-a58f-945d0aeec9cc" testId="61581723-8f7e-9df2-5454-63bfc573f2ed" testName="CanGetOccurence_InputUpBoundaryExceedIntegerPartialMatchDiscard" computerName="PC900" duration="00:00:00.0003228" startTime="2017-06-29T20:31:38.6082362+02:00" endTime="2017-06-29T20:31:38.6152546+02:00" testType="13cdc9d9-ddb5-4fa4-a97d-d965ccfc6d4b" outcome="Passed" testListId="8c84fa94-04c1-424b-9868-57a2d4851a1d" relativeResultsDirectory="45eb4557-61ea-47b0-a58f-945d0aeec9cc">
      <Output>
        <StdOut>The search found execution takes for 0,0018 milliseconds</StdOut>
      </Output>
    </UnitTestResult>
    <UnitTestResult executionId="8d9157d6-4d97-41ae-8be2-30cdd4550252" testId="58cb2fac-b69c-034b-5e66-ce74d6b1ebc9" testName="CanGetOccurence_InputUpBoundaryExceedIntegerLongestMatch" computerName="PC900" duration="00:00:00.0003994" startTime="2017-06-29T20:31:38.6182628+02:00" endTime="2017-06-29T20:31:38.6247935+02:00" testType="13cdc9d9-ddb5-4fa4-a97d-d965ccfc6d4b" outcome="Passed" testListId="8c84fa94-04c1-424b-9868-57a2d4851a1d" relativeResultsDirectory="8d9157d6-4d97-41ae-8be2-30cdd4550252">
      <Output>
        <StdOut>The search found execution takes for 0,0018 milliseconds</StdOut>
      </Output>
    </UnitTestResult>
    <UnitTestResult executionId="d6184f6b-3d6b-4719-b866-442b2d9ee2d3" testId="6cddf26c-8d34-8ef3-632e-343b72effef5" testName="CanGetOccurence_InputUpBoundaryExceedIntegerMultiMatch" computerName="PC900" duration="00:00:00.0006381" startTime="2017-06-29T20:31:38.6277884+02:00" endTime="2017-06-29T20:31:38.6343070+02:00" testType="13cdc9d9-ddb5-4fa4-a97d-d965ccfc6d4b" outcome="Passed" testListId="8c84fa94-04c1-424b-9868-57a2d4851a1d" relativeResultsDirectory="d6184f6b-3d6b-4719-b866-442b2d9ee2d3">
      <Output>
        <StdOut>The search found execution takes for 0,0022 milliseconds</StdOut>
      </Output>
    </UnitTestResult>
    <UnitTestResult executionId="4ee3a2c9-d844-437b-bcfa-b7e9144ab5eb" testId="a379b317-a5bd-1a86-5945-2c18e3b99109" testName="CanGetOccurence_InputUpBoundaryExceedIntegerNoMatch" computerName="PC900" duration="00:00:00.0003926" startTime="2017-06-29T20:31:38.6368122+02:00" endTime="2017-06-29T20:31:38.6443321+02:00" testType="13cdc9d9-ddb5-4fa4-a97d-d965ccfc6d4b" outcome="Passed" testListId="8c84fa94-04c1-424b-9868-57a2d4851a1d" relativeResultsDirectory="4ee3a2c9-d844-437b-bcfa-b7e9144ab5eb">
      <Output>
        <StdOut>The search found execution takes for 0,0011 milliseconds</StdOut>
      </Output>
    </UnitTestResult>
    <UnitTestResult executionId="21420868-fe9f-47e0-8078-1a23ab25e4e5" testId="e6878a51-bb05-09ef-4dbd-05539b8fc274" testName="CanGetOccurence_InputLowBoundaryExceedIntegerNoMatch" computerName="PC900" duration="00:00:00.0003477" startTime="2017-06-29T20:31:38.6473400+02:00" endTime="2017-06-29T20:31:38.6533571+02:00" testType="13cdc9d9-ddb5-4fa4-a97d-d965ccfc6d4b" outcome="Passed" testListId="8c84fa94-04c1-424b-9868-57a2d4851a1d" relativeResultsDirectory="21420868-fe9f-47e0-8078-1a23ab25e4e5">
      <Output>
        <StdOut>The search found execution takes for 0,0007 milliseconds</StdOut>
      </Output>
    </UnitTestResult>
    <UnitTestResult executionId="914d35a7-7670-4ee2-a1d3-029f3826bb0a" testId="50a38fe8-d4e4-dec7-2274-38aa967408bd" testName="CanGetOccurence_InputLowBoundaryExceedIntegerPartialMatchDiscard" computerName="PC900" duration="00:00:00.0003802" startTime="2017-06-29T20:31:38.6568712+02:00" endTime="2017-06-29T20:31:38.6638840+02:00" testType="13cdc9d9-ddb5-4fa4-a97d-d965ccfc6d4b" outcome="Passed" testListId="8c84fa94-04c1-424b-9868-57a2d4851a1d" relativeResultsDirectory="914d35a7-7670-4ee2-a1d3-029f3826bb0a">
      <Output>
        <StdOut>The search found execution takes for 0,0015 milliseconds</StdOut>
      </Output>
    </UnitTestResult>
    <UnitTestResult executionId="9e994ac0-a135-4d9c-a09f-62555476f52b" testId="41de26a4-2629-80f3-c59e-967c40264034" testName="CanGetOccurence_InputLowBoundaryExceedIntegerLongestMatch" computerName="PC900" duration="00:00:00.0004361" startTime="2017-06-29T20:31:38.6668919+02:00" endTime="2017-06-29T20:31:38.6744125+02:00" testType="13cdc9d9-ddb5-4fa4-a97d-d965ccfc6d4b" outcome="Passed" testListId="8c84fa94-04c1-424b-9868-57a2d4851a1d" relativeResultsDirectory="9e994ac0-a135-4d9c-a09f-62555476f52b">
      <Output>
        <StdOut>The search found execution takes for 0,0026 milliseconds</StdOut>
      </Output>
    </UnitTestResult>
    <UnitTestResult executionId="1d50d9bd-f32a-4900-8e19-d677d3e6997e" testId="03581d7c-f453-8b1e-3c1c-4bb017a90a17" testName="CanGetOccurence_InputLowBoundaryExceedIntegerMultiMatch" computerName="PC900" duration="00:00:00.0007846" startTime="2017-06-29T20:31:38.6779221+02:00" endTime="2017-06-29T20:31:38.6844388+02:00" testType="13cdc9d9-ddb5-4fa4-a97d-d965ccfc6d4b" outcome="Passed" testListId="8c84fa94-04c1-424b-9868-57a2d4851a1d" relativeResultsDirectory="1d50d9bd-f32a-4900-8e19-d677d3e6997e">
      <Output>
        <StdOut>The search found execution takes for 0,0026 milliseconds</StdOut>
      </Output>
    </UnitTestResult>
    <UnitTestResult executionId="0f1fdf26-5986-4470-ad88-c2bd41a36587" testId="fec123b8-cc77-768a-fa3f-9fe0924b6f49" testName="Set_Prefix_With_0_By_Constructor" computerName="PC900" duration="00:00:00.0007438" startTime="2017-06-29T20:31:38.6869456+02:00" endTime="2017-06-29T20:31:38.6944655+02:00" testType="13cdc9d9-ddb5-4fa4-a97d-d965ccfc6d4b" outcome="Passed" testListId="8c84fa94-04c1-424b-9868-57a2d4851a1d" relativeResultsDirectory="0f1fdf26-5986-4470-ad88-c2bd41a36587">
    </UnitTestResult>
    <UnitTestResult executionId="cbd19202-6c5b-420a-9c79-31ffa8684ed8" testId="8b9d0900-c4a8-91db-73a9-a891935e1b97" testName="Set_Prefix_With_1_By_Constructor" computerName="PC900" duration="00:00:00.0001661" startTime="2017-06-29T20:31:38.6969719+02:00" endTime="2017-06-29T20:31:38.7019854+02:00" testType="13cdc9d9-ddb5-4fa4-a97d-d965ccfc6d4b" outcome="Passed" testListId="8c84fa94-04c1-424b-9868-57a2d4851a1d" relativeResultsDirectory="cbd19202-6c5b-420a-9c79-31ffa8684ed8">
    </UnitTestResult>
    <UnitTestResult executionId="a4877b87-53bc-4954-9077-c43b28484475" testId="f296844d-e75d-5e52-8f07-2d9da6b8f871" testName="Set_Prefix_With_Negative_By_Constructor" computerName="PC900" duration="00:00:00.0001578" startTime="2017-06-29T20:31:38.7049936+02:00" endTime="2017-06-29T20:31:38.7120120+02:00" testType="13cdc9d9-ddb5-4fa4-a97d-d965ccfc6d4b" outcome="Passed" testListId="8c84fa94-04c1-424b-9868-57a2d4851a1d" relativeResultsDirectory="a4877b87-53bc-4954-9077-c43b28484475">
    </UnitTestResult>
    <UnitTestResult executionId="1a82cc9f-fc37-461c-94e8-8e0e18dfca38" testId="19194bfb-2edd-c193-9554-38834175cc15" testName="Set_Prefix_With_Boundary_By_Constructor" computerName="PC900" duration="00:00:00.0001517" startTime="2017-06-29T20:31:38.7150327+02:00" endTime="2017-06-29T20:31:38.7200337+02:00" testType="13cdc9d9-ddb5-4fa4-a97d-d965ccfc6d4b" outcome="Passed" testListId="8c84fa94-04c1-424b-9868-57a2d4851a1d" relativeResultsDirectory="1a82cc9f-fc37-461c-94e8-8e0e18dfca38">
    </UnitTestResult>
    <UnitTestResult executionId="20616afb-061d-41cf-842e-1bd275ee2be9" testId="93620807-0cc0-66f7-ff97-5454076e98d1" testName="Set_Price_Prefix_With_Boundary_1_By_Constructor" computerName="PC900" duration="00:00:00.0001536" startTime="2017-06-29T20:31:38.7240459+02:00" endTime="2017-06-29T20:31:38.7305611+02:00" testType="13cdc9d9-ddb5-4fa4-a97d-d965ccfc6d4b" outcome="Passed" testListId="8c84fa94-04c1-424b-9868-57a2d4851a1d" relativeResultsDirectory="20616afb-061d-41cf-842e-1bd275ee2be9">
    </UnitTestResult>
  </Results>
</TestRun>